2021/02/08 23:31:24 {"callers":["/Users/super/develop/go-crawler-distributed/initConf/init.go: 37 go-crawler-distributed/initConf.Init"],"level":"info","message":"Start to listening the incoming requests on http address :8000","time":1612798284779174000}
2021/02/08 23:31:25 {"callers":["/Users/super/develop/go-crawler-distributed/initConf/init.go: 37 go-crawler-distributed/initConf.Init"],"level":"info","message":"Waiting for the server, retry in 1 second.","time":1612798285782679000}
2021/02/08 23:31:26 {"callers":["/Users/super/develop/go-crawler-distributed/initConf/init.go: 37 go-crawler-distributed/initConf.Init"],"level":"info","message":"Waiting for the server, retry in 1 second.","time":1612798286784175000}
2021/02/08 23:31:27 {"callers":["/Users/super/develop/go-crawler-distributed/initConf/init.go: 37 go-crawler-distributed/initConf.Init"],"level":"info","message":"Waiting for the server, retry in 1 second.","time":1612798287788764000}
2021/02/08 23:31:27 {"callers":["/Users/super/develop/go-crawler-distributed/initConf/init.go: 37 go-crawler-distributed/initConf.Init"],"level":"error","message":"The server has no response, or it might took too long to start up.","time":1612798287788885000}
2021/02/08 23:31:27 {"callers":["/Users/super/develop/go-crawler-distributed/initConf/init.go: 37 go-crawler-distributed/initConf.Init"],"level":"info","message":"The server has been deployed successfully.","time":1612798287788943000}
2021/02/08 23:31:47 {"callers":["/Users/super/develop/go-crawler-distributed/initConf/init.go: 37 go-crawler-distributed/initConf.Init"],"level":"error","message":"app.BindAndValid errs: Name为必填字段,Command为必填字段,CronExpr为必填字段","span_id":"7a93b81e2fe4511d","time":1612798307416673000,"trace_id":"7a93b81e2fe4511d"}
2021/02/08 23:32:36 {"callers":["/Users/super/develop/go-crawler-distributed/initConf/init.go: 37 go-crawler-distributed/initConf.Init"],"level":"error","message":"app.BindAndValid errs: Name为必填字段,Command为必填字段,CronExpr为必填字段","span_id":"5e2e5ed68478b729","time":1612798356082786000,"trace_id":"5e2e5ed68478b729"}
2021/02/08 23:36:02 {"callers":["/Users/super/develop/go-crawler-distributed/initConf/init.go: 37 go-crawler-distributed/initConf.Init"],"level":"info","message":"Start to listening the incoming requests on http address :8000","time":1612798562635532000}
2021/02/08 23:36:03 {"callers":["/Users/super/develop/go-crawler-distributed/initConf/init.go: 37 go-crawler-distributed/initConf.Init"],"level":"info","message":"Waiting for the server, retry in 1 second.","time":1612798563637085000}
2021/02/08 23:36:04 {"callers":["/Users/super/develop/go-crawler-distributed/initConf/init.go: 37 go-crawler-distributed/initConf.Init"],"level":"info","message":"Waiting for the server, retry in 1 second.","time":1612798564638703000}
2021/02/08 23:36:05 {"callers":["/Users/super/develop/go-crawler-distributed/initConf/init.go: 37 go-crawler-distributed/initConf.Init"],"level":"info","message":"Waiting for the server, retry in 1 second.","time":1612798565643407000}
2021/02/08 23:36:05 {"callers":["/Users/super/develop/go-crawler-distributed/initConf/init.go: 37 go-crawler-distributed/initConf.Init"],"level":"error","message":"The server has no response, or it might took too long to start up.","time":1612798565643479000}
2021/02/08 23:36:05 {"callers":["/Users/super/develop/go-crawler-distributed/initConf/init.go: 37 go-crawler-distributed/initConf.Init"],"level":"info","message":"The server has been deployed successfully.","time":1612798565643504000}
2021/02/08 23:36:14 {"callers":["/Users/super/develop/go-crawler-distributed/initConf/init.go: 37 go-crawler-distributed/initConf.Init"],"level":"error","message":"app.BindAndValid errs: Name为必填字段,Command为必填字段,CronExpr为必填字段","span_id":"74887fdb264b3bd2","time":1612798574172483000,"trace_id":"74887fdb264b3bd2"}
2021/02/08 23:39:21 {"callers":["/Users/super/develop/go-crawler-distributed/initConf/init.go: 37 go-crawler-distributed/initConf.Init"],"level":"error","message":"app.BindAndValid errs: Name为必填字段,Command为必填字段,CronExpr为必填字段","span_id":"ec20a9218b8092f","time":1612798761843677000,"trace_id":"ec20a9218b8092f"}
2021/02/08 23:39:46 {"callers":["/Users/super/develop/go-crawler-distributed/initConf/init.go: 37 go-crawler-distributed/initConf.Init"],"level":"info","message":"Start to listening the incoming requests on http address :8000","time":1612798786895276000}
2021/02/08 23:39:47 {"callers":["/Users/super/develop/go-crawler-distributed/initConf/init.go: 37 go-crawler-distributed/initConf.Init"],"level":"info","message":"Waiting for the server, retry in 1 second.","time":1612798787900132000}
2021/02/08 23:39:48 {"callers":["/Users/super/develop/go-crawler-distributed/initConf/init.go: 37 go-crawler-distributed/initConf.Init"],"level":"info","message":"Waiting for the server, retry in 1 second.","time":1612798788903759000}
2021/02/08 23:39:49 {"callers":["/Users/super/develop/go-crawler-distributed/initConf/init.go: 37 go-crawler-distributed/initConf.Init"],"level":"info","message":"Waiting for the server, retry in 1 second.","time":1612798789906788000}
2021/02/08 23:39:49 {"callers":["/Users/super/develop/go-crawler-distributed/initConf/init.go: 37 go-crawler-distributed/initConf.Init"],"level":"error","message":"The server has no response, or it might took too long to start up.","time":1612798789906895000}
2021/02/08 23:39:49 {"callers":["/Users/super/develop/go-crawler-distributed/initConf/init.go: 37 go-crawler-distributed/initConf.Init"],"level":"info","message":"The server has been deployed successfully.","time":1612798789906917000}
2021/02/08 23:40:15 {"callers":["/Users/super/develop/go-crawler-distributed/initConf/init.go: 37 go-crawler-distributed/initConf.Init"],"level":"error","message":"app.BindAndValid errs: ","span_id":"b0933b6b89f34e4","time":1612798815959647000,"trace_id":"b0933b6b89f34e4"}
2021/02/08 23:41:14 {"callers":["/Users/super/develop/go-crawler-distributed/initConf/init.go: 37 go-crawler-distributed/initConf.Init"],"level":"error","message":"app.BindAndValid errs: ","span_id":"44b14e6021c00149","time":1612798874627304000,"trace_id":"44b14e6021c00149"}
2021/02/09 11:07:58 {"callers":["/Users/super/develop/go-crawler-distributed/initConf/init.go: 37 go-crawler-distributed/initConf.Init"],"level":"info","message":"Start to listening the incoming requests on http address :8000","time":1612840078774743000}
2021/02/09 11:07:59 {"callers":["/Users/super/develop/go-crawler-distributed/initConf/init.go: 37 go-crawler-distributed/initConf.Init"],"level":"info","message":"Waiting for the server, retry in 1 second.","time":1612840079778014000}
2021/02/09 11:08:00 {"callers":["/Users/super/develop/go-crawler-distributed/initConf/init.go: 37 go-crawler-distributed/initConf.Init"],"level":"info","message":"Waiting for the server, retry in 1 second.","time":1612840080783229000}
2021/02/09 11:08:01 {"callers":["/Users/super/develop/go-crawler-distributed/initConf/init.go: 37 go-crawler-distributed/initConf.Init"],"level":"info","message":"Waiting for the server, retry in 1 second.","time":1612840081786032000}
2021/02/09 11:08:01 {"callers":["/Users/super/develop/go-crawler-distributed/initConf/init.go: 37 go-crawler-distributed/initConf.Init"],"level":"error","message":"The server has no response, or it might took too long to start up.","time":1612840081786112000}
2021/02/09 11:08:01 {"callers":["/Users/super/develop/go-crawler-distributed/initConf/init.go: 37 go-crawler-distributed/initConf.Init"],"level":"info","message":"The server has been deployed successfully.","time":1612840081786185000}
2021/02/09 11:44:45 {"callers":["/Users/super/develop/go-crawler-distributed/initConf/init.go: 37 go-crawler-distributed/initConf.Init"],"level":"info","message":"Start to listening the incoming requests on http address :8000","time":1612842285129444000}
2021/02/09 11:44:46 {"callers":["/Users/super/develop/go-crawler-distributed/initConf/init.go: 37 go-crawler-distributed/initConf.Init"],"level":"info","message":"Waiting for the server, retry in 1 second.","time":1612842286132969000}
2021/02/09 11:44:47 {"callers":["/Users/super/develop/go-crawler-distributed/initConf/init.go: 37 go-crawler-distributed/initConf.Init"],"level":"info","message":"Waiting for the server, retry in 1 second.","time":1612842287138286000}
2021/02/09 11:44:48 {"callers":["/Users/super/develop/go-crawler-distributed/initConf/init.go: 37 go-crawler-distributed/initConf.Init"],"level":"info","message":"Waiting for the server, retry in 1 second.","time":1612842288139598000}
2021/02/09 11:44:48 {"callers":["/Users/super/develop/go-crawler-distributed/initConf/init.go: 37 go-crawler-distributed/initConf.Init"],"level":"error","message":"The server has no response, or it might took too long to start up.","time":1612842288139666000}
2021/02/09 11:44:48 {"callers":["/Users/super/develop/go-crawler-distributed/initConf/init.go: 37 go-crawler-distributed/initConf.Init"],"level":"info","message":"The server has been deployed successfully.","time":1612842288139702000}
2021/02/09 14:34:59 {"callers":["/Users/super/develop/go-crawler-distributed/initConf/init.go: 37 go-crawler-distributed/initConf.Init"],"level":"info","message":"Start to listening the incoming requests on http address :8000","time":1612852499964948000}
2021/02/09 14:35:00 {"callers":["/Users/super/develop/go-crawler-distributed/initConf/init.go: 37 go-crawler-distributed/initConf.Init"],"level":"info","message":"Waiting for the server, retry in 1 second.","time":1612852500965942000}
2021/02/09 14:35:01 {"callers":["/Users/super/develop/go-crawler-distributed/initConf/init.go: 37 go-crawler-distributed/initConf.Init"],"level":"info","message":"Waiting for the server, retry in 1 second.","time":1612852501970469000}
2021/02/09 14:35:02 {"callers":["/Users/super/develop/go-crawler-distributed/initConf/init.go: 37 go-crawler-distributed/initConf.Init"],"level":"info","message":"Waiting for the server, retry in 1 second.","time":1612852502974466000}
2021/02/09 14:35:02 {"callers":["/Users/super/develop/go-crawler-distributed/initConf/init.go: 37 go-crawler-distributed/initConf.Init"],"level":"error","message":"The server has no response, or it might took too long to start up.","time":1612852502974674000}
2021/02/09 14:35:02 {"callers":["/Users/super/develop/go-crawler-distributed/initConf/init.go: 37 go-crawler-distributed/initConf.Init"],"level":"info","message":"The server has been deployed successfully.","time":1612852502974744000}
2021/02/09 14:39:23 {"callers":["/Users/super/develop/go-crawler-distributed/initConf/init.go: 37 go-crawler-distributed/initConf.Init"],"level":"info","message":"Start to listening the incoming requests on http address :8000","time":1612852763934905000}
2021/02/09 14:39:24 {"callers":["/Users/super/develop/go-crawler-distributed/initConf/init.go: 37 go-crawler-distributed/initConf.Init"],"level":"info","message":"Waiting for the server, retry in 1 second.","time":1612852764940161000}
2021/02/09 14:39:25 {"callers":["/Users/super/develop/go-crawler-distributed/initConf/init.go: 37 go-crawler-distributed/initConf.Init"],"level":"info","message":"Waiting for the server, retry in 1 second.","time":1612852765941473000}
2021/02/09 14:39:26 {"callers":["/Users/super/develop/go-crawler-distributed/initConf/init.go: 37 go-crawler-distributed/initConf.Init"],"level":"info","message":"Waiting for the server, retry in 1 second.","time":1612852766941783000}
2021/02/09 14:39:26 {"callers":["/Users/super/develop/go-crawler-distributed/initConf/init.go: 37 go-crawler-distributed/initConf.Init"],"level":"error","message":"The server has no response, or it might took too long to start up.","time":1612852766941977000}
2021/02/09 14:39:26 {"callers":["/Users/super/develop/go-crawler-distributed/initConf/init.go: 37 go-crawler-distributed/initConf.Init"],"level":"info","message":"The server has been deployed successfully.","time":1612852766942002000}
2021/02/10 11:33:05 {"callers":["/Users/super/develop/go-crawler-distributed/initConf/init.go: 37 go-crawler-distributed/initConf.Init"],"level":"info","message":"Start to listening the incoming requests on http address :8000","time":1612927985108224000}
2021/02/10 11:33:06 {"callers":["/Users/super/develop/go-crawler-distributed/initConf/init.go: 37 go-crawler-distributed/initConf.Init"],"level":"info","message":"Waiting for the server, retry in 1 second.","time":1612927986112391000}
2021/02/10 11:33:07 {"callers":["/Users/super/develop/go-crawler-distributed/initConf/init.go: 37 go-crawler-distributed/initConf.Init"],"level":"info","message":"Waiting for the server, retry in 1 second.","time":1612927987115329000}
2021/02/10 11:33:08 {"callers":["/Users/super/develop/go-crawler-distributed/initConf/init.go: 37 go-crawler-distributed/initConf.Init"],"level":"info","message":"Waiting for the server, retry in 1 second.","time":1612927988120548000}
2021/02/10 11:33:08 {"callers":["/Users/super/develop/go-crawler-distributed/initConf/init.go: 37 go-crawler-distributed/initConf.Init"],"level":"error","message":"The server has no response, or it might took too long to start up.","time":1612927988120787000}
2021/02/10 11:33:08 {"callers":["/Users/super/develop/go-crawler-distributed/initConf/init.go: 37 go-crawler-distributed/initConf.Init"],"level":"info","message":"The server has been deployed successfully.","time":1612927988120865000}
2021/02/10 11:37:37 {"callers":["/Users/super/develop/go-crawler-distributed/initConf/init.go: 37 go-crawler-distributed/initConf.Init"],"level":"info","message":"Start to listening the incoming requests on http address :8000","time":1612928257966086000}
2021/02/10 11:37:38 {"callers":["/Users/super/develop/go-crawler-distributed/initConf/init.go: 37 go-crawler-distributed/initConf.Init"],"level":"info","message":"Waiting for the server, retry in 1 second.","time":1612928258969102000}
2021/02/10 11:37:39 {"callers":["/Users/super/develop/go-crawler-distributed/initConf/init.go: 37 go-crawler-distributed/initConf.Init"],"level":"info","message":"Waiting for the server, retry in 1 second.","time":1612928259973811000}
2021/02/10 11:37:40 {"callers":["/Users/super/develop/go-crawler-distributed/initConf/init.go: 37 go-crawler-distributed/initConf.Init"],"level":"info","message":"Waiting for the server, retry in 1 second.","time":1612928260974503000}
2021/02/10 11:37:40 {"callers":["/Users/super/develop/go-crawler-distributed/initConf/init.go: 37 go-crawler-distributed/initConf.Init"],"level":"error","message":"The server has no response, or it might took too long to start up.","time":1612928260974582000}
2021/02/10 11:37:40 {"callers":["/Users/super/develop/go-crawler-distributed/initConf/init.go: 37 go-crawler-distributed/initConf.Init"],"level":"info","message":"The server has been deployed successfully.","time":1612928260974614000}
2021/02/10 11:44:55 {"callers":["/Users/super/develop/go-crawler-distributed/initConf/init.go: 37 go-crawler-distributed/initConf.Init"],"level":"info","message":"Start to listening the incoming requests on http address :8000","time":1612928695249986000}
2021/02/10 11:44:56 {"callers":["/Users/super/develop/go-crawler-distributed/initConf/init.go: 37 go-crawler-distributed/initConf.Init"],"level":"info","message":"Waiting for the server, retry in 1 second.","time":1612928696251489000}
2021/02/10 11:44:57 {"callers":["/Users/super/develop/go-crawler-distributed/initConf/init.go: 37 go-crawler-distributed/initConf.Init"],"level":"info","message":"Waiting for the server, retry in 1 second.","time":1612928697255711000}
2021/02/10 11:44:58 {"callers":["/Users/super/develop/go-crawler-distributed/initConf/init.go: 37 go-crawler-distributed/initConf.Init"],"level":"info","message":"Waiting for the server, retry in 1 second.","time":1612928698256148000}
2021/02/10 11:44:58 {"callers":["/Users/super/develop/go-crawler-distributed/initConf/init.go: 37 go-crawler-distributed/initConf.Init"],"level":"error","message":"The server has no response, or it might took too long to start up.","time":1612928698256288000}
2021/02/10 11:44:58 {"callers":["/Users/super/develop/go-crawler-distributed/initConf/init.go: 37 go-crawler-distributed/initConf.Init"],"level":"info","message":"The server has been deployed successfully.","time":1612928698256326000}
2021/02/10 12:09:11 {"callers":["/Users/super/develop/go-crawler-distributed/initConf/init.go: 37 go-crawler-distributed/initConf.Init"],"level":"info","message":"Start to listening the incoming requests on http address :8000","time":1612930151623468000}
2021/02/10 12:09:12 {"callers":["/Users/super/develop/go-crawler-distributed/initConf/init.go: 37 go-crawler-distributed/initConf.Init"],"level":"info","message":"Waiting for the server, retry in 1 second.","time":1612930152626588000}
2021/02/10 12:09:13 {"callers":["/Users/super/develop/go-crawler-distributed/initConf/init.go: 37 go-crawler-distributed/initConf.Init"],"level":"info","message":"Waiting for the server, retry in 1 second.","time":1612930153626847000}
2021/02/10 12:09:14 {"callers":["/Users/super/develop/go-crawler-distributed/initConf/init.go: 37 go-crawler-distributed/initConf.Init"],"level":"info","message":"Waiting for the server, retry in 1 second.","time":1612930154632090000}
2021/02/10 12:09:14 {"callers":["/Users/super/develop/go-crawler-distributed/initConf/init.go: 37 go-crawler-distributed/initConf.Init"],"level":"error","message":"The server has no response, or it might took too long to start up.","time":1612930154632203000}
2021/02/10 12:09:14 {"callers":["/Users/super/develop/go-crawler-distributed/initConf/init.go: 37 go-crawler-distributed/initConf.Init"],"level":"info","message":"The server has been deployed successfully.","time":1612930154632287000}
