{"level":"error","ts":1598950227.851074,"msg":"elastic save error","error":"elastic: Error 400 (Bad Request): Invalid index name [testEls], must be lowercase [type=invalid_index_name_exception]"}
{"level":"error","ts":1598950244.680811,"msg":"elastic save error","error":"elastic: Error 400 (Bad Request): failed to parse [type=mapper_parsing_exception]"}
{"level":"error","ts":1598951818.762501,"msg":"elastic create index error","error":"elastic: Error 400 (Bad Request): Failed to parse content to map [type=parse_exception]"}
{"level":"error","ts":1598951895.2449348,"msg":"elastic create index error","error":"elastic: Error 400 (Bad Request): Failed to parse content to map [type=parse_exception]"}
{"level":"info","ts":1598956343.75007,"msg":"fetching","tags":"https://tech.meituan.com/"}
{"level":"info","ts":1598956401.3590531,"msg":"fetching","tags":"https://tech.meituan.com/"}
{"level":"info","ts":1598956467.65984,"msg":"fetching","tags":"https://tech.meituan.com/"}
{"level":"info","ts":1598958837.087187,"msg":"fetching","ArticleList":"https://tech.meituan.com/"}
{"level":"info","ts":1598958915.201153,"msg":"Ready to fetching","parser name":"ArticleUrlList"}
{"level":"info","ts":1598958915.20238,"msg":"fetching","ArticleUrlList":"https://tech.meituan.com//page/1.html"}
{"level":"error","ts":1598958915.4674518,"msg":"determine coder error","error":"EOF"}
{"level":"info","ts":1598959054.2074292,"msg":"fetching","ArticleList":"https://tech.meituan.com/"}
{"level":"info","ts":1598959315.800661,"msg":"Ready to fetching","parser name":"ArticleUrlList"}
{"level":"info","ts":1598959315.802809,"msg":"fetching","ArticleUrlList":"https://tech.meituan.com//page/1.html"}
{"level":"error","ts":1598959316.0693278,"msg":"determine coder error","error":"EOF"}
{"level":"info","ts":1598959451.008746,"caller":"crawler/crawlOperation.go:43","msg":"fetching","ArticleList":"https://tech.meituan.com/"}
{"level":"info","ts":1598959466.155612,"caller":"crawler/crawlOperation.go:31","msg":"Ready to fetching","parser name":"ArticleUrlList"}
{"level":"info","ts":1598959466.157079,"caller":"crawler/crawlOperation.go:43","msg":"fetching","ArticleUrlList":"https://tech.meituan.com//page/1.html"}
{"level":"error","ts":1598959466.3776908,"caller":"fetcher/fetcher.go:55","msg":"determine coder error","error":"EOF"}
{"level":"info","ts":1598959565.742988,"caller":"crawler/crawlOperation.go:43","msg":"fetching","ArticleList":"https://tech.meituan.com/"}
{"level":"info","ts":1598959588.72217,"caller":"crawler/crawlOperation.go:31","msg":"Ready to fetching","parser name":"ArticleUrlList"}
{"level":"info","ts":1598959588.723497,"caller":"crawler/crawlOperation.go:43","msg":"fetching","ArticleUrlList":"https://tech.meituan.com//page/1.html"}
{"level":"error","ts":1598959588.962157,"caller":"fetcher/fetcher.go:55","msg":"determine coder error","error":"EOF"}
{"level":"info","ts":1598959590.7285929,"caller":"crawler/crawlOperation.go:43","msg":"fetching","ArticleUrlList":"https://tech.meituan.com//page/2.html"}
{"level":"info","ts":1598959590.856016,"caller":"parser/articleUrlList.go:29","msg":"fetching","url":"https://tech.meituan.com/2020/04/16/intel-pause-mysql.html"}
{"level":"info","ts":1598959590.876203,"caller":"parser/articleUrlList.go:29","msg":"fetching","url":"https://tech.meituan.com/2020/04/16/transformer-in-meituan.html"}
{"level":"info","ts":1598959590.89476,"caller":"parser/articleUrlList.go:29","msg":"fetching","url":"https://tech.meituan.com/2020/04/09/doris-in-meituan-waimai.html"}
{"level":"info","ts":1598959590.91435,"caller":"parser/articleUrlList.go:29","msg":"fetching","url":"https://tech.meituan.com/2020/04/02/java-pooling-pratice-in-meituan.html"}
{"level":"info","ts":1598959590.933515,"caller":"parser/articleUrlList.go:29","msg":"fetching","url":"https://tech.meituan.com/2020/03/26/wsdm-2020-bert-lightgbm.html"}
{"level":"info","ts":1598959590.953398,"caller":"parser/articleUrlList.go:29","msg":"fetching","url":"https://tech.meituan.com/2020/03/26/meituan-tech-corporate-recruitment.html"}
{"level":"info","ts":1598959590.973569,"caller":"parser/articleUrlList.go:29","msg":"fetching","url":"https://tech.meituan.com/2020/03/19/design-pattern-practice-in-marketing.html"}
{"level":"info","ts":1598959590.99232,"caller":"parser/articleUrlList.go:29","msg":"fetching","url":"https://tech.meituan.com/2020/03/12/cloud-native-security.html"}
{"level":"info","ts":1598959591.015038,"caller":"parser/articleUrlList.go:29","msg":"fetching","url":"https://tech.meituan.com/2020/03/12/delivery-data-governance.html"}
{"level":"info","ts":1598959591.035604,"caller":"parser/articleUrlList.go:29","msg":"fetching","url":"https://tech.meituan.com/2020/03/05/meituan-10-years.html"}
{"level":"info","ts":1598959591.054282,"caller":"parser/articleUrlList.go:29","msg":"fetching","url":"https://tech.meituan.com/2020/02/27/meituan-waimai-micro-frontends-practice.html"}
{"level":"info","ts":1598959591.072311,"caller":"parser/articleUrlList.go:29","msg":"fetching","url":"https://tech.meituan.com/2020/02/20/meituan-delivery-operations-research.html"}
{"level":"info","ts":1598959591.0908642,"caller":"parser/articleUrlList.go:29","msg":"fetching","url":"https://tech.meituan.com/2020/02/13/meituan-waimai-continuous-delivery.html"}
{"level":"info","ts":1598959591.108597,"caller":"parser/articleUrlList.go:29","msg":"fetching","url":"https://tech.meituan.com/2020/01/23/meituan-delivery-machine-learning.html"}
{"level":"info","ts":1598959591.127384,"caller":"parser/articleUrlList.go:29","msg":"fetching","url":"https://tech.meituan.com/2020/01/23/meituan-vicface.html"}
{"level":"info","ts":1598959591.14447,"caller":"parser/articleUrlList.go:29","msg":"fetching","url":"https://tech.meituan.com/2020/01/17/meituan-tech-blog-2019.html"}
{"level":"info","ts":1598959591.161964,"caller":"parser/articleUrlList.go:29","msg":"fetching","url":"https://tech.meituan.com/2020/01/09/meituan-logan.html"}
{"level":"info","ts":1598959591.1794071,"caller":"parser/articleUrlList.go:29","msg":"fetching","url":"https://tech.meituan.com/2019/12/26/meituan-bifrost.html"}
{"level":"info","ts":1598959591.1980338,"caller":"parser/articleUrlList.go:29","msg":"fetching","url":"https://tech.meituan.com/2019/12/19/meituan-mrn-practice.html"}
{"level":"info","ts":1598959701.0104342,"caller":"crawler/crawlOperation.go:31","msg":"Ready to fetching","parser name":"ArticleDetail"}
{"level":"info","ts":1598959701.0109708,"caller":"crawler/crawlOperation.go:43","msg":"fetching","ArticleDetail":"https://tech.meituan.com/2020/04/16/intel-pause-mysql.html"}
{"level":"info","ts":1598959703.012437,"caller":"crawler/crawlOperation.go:43","msg":"fetching","ArticleDetail":"https://tech.meituan.com/2020/04/16/transformer-in-meituan.html"}
{"level":"info","ts":1598959705.016442,"caller":"crawler/crawlOperation.go:43","msg":"fetching","ArticleDetail":"https://tech.meituan.com/2020/04/09/doris-in-meituan-waimai.html"}
{"level":"info","ts":1598959707.021312,"caller":"crawler/crawlOperation.go:43","msg":"fetching","ArticleDetail":"https://tech.meituan.com/2020/04/02/java-pooling-pratice-in-meituan.html"}
{"level":"info","ts":1598959709.026227,"caller":"crawler/crawlOperation.go:43","msg":"fetching","ArticleDetail":"https://tech.meituan.com/2020/03/26/wsdm-2020-bert-lightgbm.html"}
{"level":"info","ts":1598959711.031543,"caller":"crawler/crawlOperation.go:43","msg":"fetching","ArticleDetail":"https://tech.meituan.com/2020/03/26/meituan-tech-corporate-recruitment.html"}
{"level":"info","ts":1598959713.034401,"caller":"crawler/crawlOperation.go:43","msg":"fetching","ArticleDetail":"https://tech.meituan.com/2020/03/19/design-pattern-practice-in-marketing.html"}
{"level":"info","ts":1598959715.037322,"caller":"crawler/crawlOperation.go:43","msg":"fetching","ArticleDetail":"https://tech.meituan.com/2020/03/12/cloud-native-security.html"}
{"level":"info","ts":1598960903.770566,"caller":"crawler/crawlOperation.go:43","msg":"fetching","ArticleList":"https://tech.meituan.com/"}
{"level":"info","ts":1598960985.2003598,"caller":"crawler/crawlOperation.go:31","msg":"Ready to fetching","parser name":"ArticleUrlList"}
{"level":"info","ts":1598960985.201634,"caller":"crawler/crawlOperation.go:43","msg":"fetching","ArticleUrlList":"https://tech.meituan.com/"}
{"level":"info","ts":1598960985.61761,"caller":"parser/articleUrlList.go:29","msg":"fetching","url":"https://tech.meituan.com/2020/08/20/kdd-cup-debiasing-practice.html"}
{"level":"info","ts":1598960985.635288,"caller":"parser/articleUrlList.go:29","msg":"fetching","url":"https://tech.meituan.com/2020/08/20/mt-bert-in-document.html"}
{"level":"info","ts":1598960985.654273,"caller":"parser/articleUrlList.go:29","msg":"fetching","url":"https://tech.meituan.com/2020/08/13/openstack-to-kubernetes-in-meituan.html"}
{"level":"info","ts":1598960985.671911,"caller":"parser/articleUrlList.go:29","msg":"fetching","url":"https://tech.meituan.com/2020/08/06/new-zgc-practice-in-meituan.html"}
{"level":"info","ts":1598960985.689446,"caller":"parser/articleUrlList.go:29","msg":"fetching","url":"https://tech.meituan.com/2020/07/23/ner-in-meituan-nlp.html"}
{"level":"info","ts":1598960985.70734,"caller":"parser/articleUrlList.go:29","msg":"fetching","url":"https://tech.meituan.com/2020/07/16/augur-in-meituan-nlp.html"}
{"level":"info","ts":1598960985.7260401,"caller":"parser/articleUrlList.go:29","msg":"fetching","url":"https://tech.meituan.com/2020/07/09/bert-in-meituan-search.html"}
{"level":"info","ts":1598960985.74344,"caller":"parser/articleUrlList.go:29","msg":"fetching","url":"https://tech.meituan.com/2020/07/01/kv-squirrel-cellar.html"}
{"level":"info","ts":1598960985.762557,"caller":"parser/articleUrlList.go:29","msg":"fetching","url":"https://tech.meituan.com/2020/06/23/meituan-flutter-flap.html"}
{"level":"info","ts":1598960985.780604,"caller":"parser/articleUrlList.go:29","msg":"fetching","url":"https://tech.meituan.com/2020/06/18/inf-bom-mybatis.html"}
{"level":"info","ts":1598960985.797687,"caller":"parser/articleUrlList.go:29","msg":"fetching","url":"https://tech.meituan.com/2020/06/11/meituan-icra-2020.html"}
{"level":"info","ts":1598960985.8169112,"caller":"parser/articleUrlList.go:29","msg":"fetching","url":"https://tech.meituan.com/2020/06/04/mysql-detection-system.html"}
{"level":"info","ts":1598960985.83461,"caller":"parser/articleUrlList.go:29","msg":"fetching","url":"https://tech.meituan.com/2020/05/28/peisong-a-b-test.html"}
{"level":"info","ts":1598960985.852625,"caller":"parser/articleUrlList.go:29","msg":"fetching","url":"https://tech.meituan.com/2020/05/21/waimai-sketch-plugin.html"}
{"level":"info","ts":1598960985.870694,"caller":"parser/articleUrlList.go:29","msg":"fetching","url":"https://tech.meituan.com/2020/05/21/cvpr2020-centermask.html"}
{"level":"info","ts":1598960985.933928,"caller":"parser/articleUrlList.go:29","msg":"fetching","url":"https://tech.meituan.com/2020/05/14/meituan-security-zeus.html"}
{"level":"info","ts":1598960985.951935,"caller":"parser/articleUrlList.go:29","msg":"fetching","url":"https://tech.meituan.com/2020/05/14/octo-mns-2.0.html"}
{"level":"info","ts":1598960985.971317,"caller":"parser/articleUrlList.go:29","msg":"fetching","url":"https://tech.meituan.com/2020/05/04/meituan-0504-young-people.html"}
{"level":"info","ts":1598960985.988922,"caller":"parser/articleUrlList.go:29","msg":"fetching","url":"https://tech.meituan.com/2020/04/23/read-book-2020-04-23.html"}
{"level":"info","ts":1598960987.202923,"caller":"crawler/crawlOperation.go:43","msg":"fetching","ArticleUrlList":"https://tech.meituan.com//page/2.html"}
{"level":"info","ts":1598960987.86361,"caller":"parser/articleUrlList.go:29","msg":"fetching","url":"https://tech.meituan.com/2020/04/16/intel-pause-mysql.html"}
{"level":"info","ts":1598960987.881693,"caller":"parser/articleUrlList.go:29","msg":"fetching","url":"https://tech.meituan.com/2020/04/16/transformer-in-meituan.html"}
{"level":"info","ts":1598960987.943367,"caller":"parser/articleUrlList.go:29","msg":"fetching","url":"https://tech.meituan.com/2020/04/09/doris-in-meituan-waimai.html"}
{"level":"info","ts":1598960988.08794,"caller":"parser/articleUrlList.go:29","msg":"fetching","url":"https://tech.meituan.com/2020/04/02/java-pooling-pratice-in-meituan.html"}
{"level":"info","ts":1598960988.2720718,"caller":"parser/articleUrlList.go:29","msg":"fetching","url":"https://tech.meituan.com/2020/03/26/wsdm-2020-bert-lightgbm.html"}
{"level":"info","ts":1598960988.2921019,"caller":"parser/articleUrlList.go:29","msg":"fetching","url":"https://tech.meituan.com/2020/03/26/meituan-tech-corporate-recruitment.html"}
{"level":"info","ts":1598960988.316363,"caller":"parser/articleUrlList.go:29","msg":"fetching","url":"https://tech.meituan.com/2020/03/19/design-pattern-practice-in-marketing.html"}
{"level":"info","ts":1598960988.600587,"caller":"parser/articleUrlList.go:29","msg":"fetching","url":"https://tech.meituan.com/2020/03/12/cloud-native-security.html"}
{"level":"info","ts":1598960988.619937,"caller":"parser/articleUrlList.go:29","msg":"fetching","url":"https://tech.meituan.com/2020/03/12/delivery-data-governance.html"}
{"level":"info","ts":1598960988.639215,"caller":"parser/articleUrlList.go:29","msg":"fetching","url":"https://tech.meituan.com/2020/03/05/meituan-10-years.html"}
{"level":"info","ts":1598960988.784699,"caller":"parser/articleUrlList.go:29","msg":"fetching","url":"https://tech.meituan.com/2020/02/27/meituan-waimai-micro-frontends-practice.html"}
{"level":"info","ts":1598960988.8018932,"caller":"parser/articleUrlList.go:29","msg":"fetching","url":"https://tech.meituan.com/2020/02/20/meituan-delivery-operations-research.html"}
{"level":"info","ts":1598960988.818269,"caller":"parser/articleUrlList.go:29","msg":"fetching","url":"https://tech.meituan.com/2020/02/13/meituan-waimai-continuous-delivery.html"}
{"level":"info","ts":1598960988.83868,"caller":"parser/articleUrlList.go:29","msg":"fetching","url":"https://tech.meituan.com/2020/01/23/meituan-delivery-machine-learning.html"}
{"level":"info","ts":1598960988.856278,"caller":"parser/articleUrlList.go:29","msg":"fetching","url":"https://tech.meituan.com/2020/01/23/meituan-vicface.html"}
{"level":"info","ts":1598960988.8734138,"caller":"parser/articleUrlList.go:29","msg":"fetching","url":"https://tech.meituan.com/2020/01/17/meituan-tech-blog-2019.html"}
{"level":"info","ts":1598960988.893399,"caller":"parser/articleUrlList.go:29","msg":"fetching","url":"https://tech.meituan.com/2020/01/09/meituan-logan.html"}
{"level":"info","ts":1598960988.9104471,"caller":"parser/articleUrlList.go:29","msg":"fetching","url":"https://tech.meituan.com/2019/12/26/meituan-bifrost.html"}
{"level":"info","ts":1598960988.930967,"caller":"parser/articleUrlList.go:29","msg":"fetching","url":"https://tech.meituan.com/2019/12/19/meituan-mrn-practice.html"}
{"level":"info","ts":1598960989.203578,"caller":"crawler/crawlOperation.go:43","msg":"fetching","ArticleUrlList":"https://tech.meituan.com//page/3.html"}
{"level":"info","ts":1598960989.340755,"caller":"parser/articleUrlList.go:29","msg":"fetching","url":"https://tech.meituan.com/2019/12/05/aqs-theory-and-apply.html"}
{"level":"info","ts":1598960989.359066,"caller":"parser/articleUrlList.go:29","msg":"fetching","url":"https://tech.meituan.com/2019/11/28/meituan-front-end-containerization-evolution.html"}
{"level":"info","ts":1598960989.3770292,"caller":"parser/articleUrlList.go:29","msg":"fetching","url":"https://tech.meituan.com/2019/11/28/advertising-performance-experiment-configuration-platform.html"}
{"level":"info","ts":1598960989.404327,"caller":"parser/articleUrlList.go:29","msg":"fetching","url":"https://tech.meituan.com/2019/11/21/application-practice-jupyter.html"}
{"level":"info","ts":1598960989.427437,"caller":"parser/articleUrlList.go:29","msg":"fetching","url":"https://tech.meituan.com/2019/11/21/pedestrian-trajectory-interactive-prediction-algorithm-starnet.html"}
{"level":"info","ts":1598960989.444968,"caller":"parser/articleUrlList.go:29","msg":"fetching","url":"https://tech.meituan.com/2019/11/14/crash-oom-probe-practice.html"}
{"level":"info","ts":1598960989.4622111,"caller":"parser/articleUrlList.go:29","msg":"fetching","url":"https://tech.meituan.com/2019/11/14/nlp-bert-practice.html"}
{"level":"info","ts":1598960989.480839,"caller":"parser/articleUrlList.go:29","msg":"fetching","url":"https://tech.meituan.com/2019/11/07/android-static-code-canning.html"}
{"level":"info","ts":1598960989.499159,"caller":"parser/articleUrlList.go:29","msg":"fetching","url":"https://tech.meituan.com/2019/11/07/java-dynamic-debugging-technology.html"}
{"level":"info","ts":1598960989.519079,"caller":"parser/articleUrlList.go:29","msg":"fetching","url":"https://tech.meituan.com/2019/10/31/trajectory-prediction-contest.html"}
{"level":"info","ts":1598960989.539001,"caller":"parser/articleUrlList.go:29","msg":"fetching","url":"https://tech.meituan.com/2019/10/17/android-java-8.html"}
{"level":"info","ts":1598960989.557107,"caller":"parser/articleUrlList.go:29","msg":"fetching","url":"https://tech.meituan.com/2019/10/17/meituan-saas-data-warehouse.html"}
{"level":"info","ts":1598960989.575066,"caller":"parser/articleUrlList.go:29","msg":"fetching","url":"https://tech.meituan.com/2019/10/10/jvm-cpu-profiler.html"}
{"level":"info","ts":1598960989.593024,"caller":"parser/articleUrlList.go:29","msg":"fetching","url":"https://tech.meituan.com/2019/10/10/distribution-time-prediction-practice.html"}
{"level":"info","ts":1598960989.609982,"caller":"parser/articleUrlList.go:29","msg":"fetching","url":"https://tech.meituan.com/2019/09/26/detailed-text-location.html"}
{"level":"info","ts":1598960989.628132,"caller":"parser/articleUrlList.go:29","msg":"fetching","url":"https://tech.meituan.com/2019/09/26/open-source-react-native-component-library-beeshell.html"}
{"level":"info","ts":1598960989.648198,"caller":"parser/articleUrlList.go:29","msg":"fetching","url":"https://tech.meituan.com/2019/09/19/litho-practice-in-dynamic-program-mtflexbox.html"}
{"level":"info","ts":1598960989.665347,"caller":"parser/articleUrlList.go:29","msg":"fetching","url":"https://tech.meituan.com/2019/09/19/common-method-of-reduce-complexity.html"}
{"level":"info","ts":1598960989.682612,"caller":"parser/articleUrlList.go:29","msg":"fetching","url":"https://tech.meituan.com/2019/09/12/take-out-business-video-exploration-tour.html"}
{"level":"info","ts":1598960991.205368,"caller":"crawler/crawlOperation.go:43","msg":"fetching","ArticleUrlList":"https://tech.meituan.com//page/4.html"}
{"level":"info","ts":1598960991.426239,"caller":"parser/articleUrlList.go:29","msg":"fetching","url":"https://tech.meituan.com/2019/09/05/java-bytecode-enhancement.html"}
{"level":"info","ts":1598960991.445878,"caller":"parser/articleUrlList.go:29","msg":"fetching","url":"https://tech.meituan.com/2019/08/22/kubernetes-cluster-management-practice.html"}
{"level":"info","ts":1598960991.465246,"caller":"parser/articleUrlList.go:29","msg":"fetching","url":"https://tech.meituan.com/2019/08/15/mtflexbox-automation-buried-point-exploration.html"}
{"level":"info","ts":1598960991.4844558,"caller":"parser/articleUrlList.go:29","msg":"fetching","url":"https://tech.meituan.com/2019/08/15/problems-caused-by-missing-xgboost-values-and-their-in-depth-analysis.html"}
{"level":"info","ts":1598960991.502553,"caller":"parser/articleUrlList.go:29","msg":"fetching","url":"https://tech.meituan.com/2019/08/08/the-things-behind-the-ios-project-zsource-command.html"}
{"level":"info","ts":1598960991.5210502,"caller":"parser/articleUrlList.go:29","msg":"fetching","url":"https://tech.meituan.com/2019/08/08/large-scale-microservice-communication-framework.html"}
{"level":"info","ts":1598960991.5396512,"caller":"parser/articleUrlList.go:29","msg":"fetching","url":"https://tech.meituan.com/2019/08/01/eslint-application-practice-in-medium-and-large-teams.html"}
{"level":"info","ts":1598960991.557483,"caller":"parser/articleUrlList.go:29","msg":"fetching","url":"https://tech.meituan.com/2019/08/01/hadoop-yarn-scheduling-performance-optimization-practice.html"}
{"level":"info","ts":1598960991.576565,"caller":"parser/articleUrlList.go:29","msg":"fetching","url":"https://tech.meituan.com/2019/03/14/litho-use-and-principle-analysis.html"}
{"level":"info","ts":1598960991.595376,"caller":"parser/articleUrlList.go:29","msg":"fetching","url":"https://tech.meituan.com/2019/03/14/information-flow-creative-optimization-practices.html"}
{"level":"info","ts":1598960991.613253,"caller":"parser/articleUrlList.go:29","msg":"fetching","url":"https://tech.meituan.com/2019/03/07/open-source-project-leaf.html"}
{"level":"info","ts":1598960991.630972,"caller":"parser/articleUrlList.go:29","msg":"fetching","url":"https://tech.meituan.com/2019/03/07/humans-and-bots-apart-for-activity-web-security.html"}
{"level":"info","ts":1598960991.649277,"caller":"parser/articleUrlList.go:29","msg":"fetching","url":"https://tech.meituan.com/2019/02/28/java-dynamic-trace.html"}
{"level":"info","ts":1598960991.6708422,"caller":"parser/articleUrlList.go:29","msg":"fetching","url":"https://tech.meituan.com/2019/02/28/root-clause-analysis.html"}
{"level":"info","ts":1598960991.6902568,"caller":"parser/articleUrlList.go:29","msg":"fetching","url":"https://tech.meituan.com/2019/02/21/wsdm-cup-meituan-nlp-practice.html"}
{"level":"info","ts":1598960991.7093172,"caller":"parser/articleUrlList.go:29","msg":"fetching","url":"https://tech.meituan.com/2019/02/21/meituan-delivery-eta-estimation-in-the-practice-of-deep-learning.html"}
{"level":"info","ts":1598960991.7284229,"caller":"parser/articleUrlList.go:29","msg":"fetching","url":"https://tech.meituan.com/2019/02/21/rd-team-resource-cost-optimization-practice.html"}
{"level":"info","ts":1598960991.7464929,"caller":"parser/articleUrlList.go:29","msg":"fetching","url":"https://tech.meituan.com/2019/02/14/talk-about-java-magic-class-unsafe.html"}
{"level":"info","ts":1598960991.764979,"caller":"parser/articleUrlList.go:29","msg":"fetching","url":"https://tech.meituan.com/2019/02/14/full-link-pressure-test-automation.html"}
{"level":"info","ts":1598960993.205615,"caller":"crawler/crawlOperation.go:43","msg":"fetching","ArticleUrlList":"https://tech.meituan.com//page/5.html"}
{"level":"info","ts":1598960993.376016,"caller":"parser/articleUrlList.go:29","msg":"fetching","url":"https://tech.meituan.com/2019/01/25/ai-challenger-2018.html"}
{"level":"info","ts":1598960993.396321,"caller":"parser/articleUrlList.go:29","msg":"fetching","url":"https://tech.meituan.com/2019/01/25/biography-wangzhongyuan.html"}
{"level":"info","ts":1598960993.4167712,"caller":"parser/articleUrlList.go:29","msg":"fetching","url":"https://tech.meituan.com/2019/01/25/present-by-tech-team-2019.html"}
{"level":"info","ts":1598960993.444587,"caller":"parser/articleUrlList.go:29","msg":"fetching","url":"https://tech.meituan.com/2019/01/17/exploring-the-tslint-static-checking-tool-on-the-react-native-project.html"}
{"level":"info","ts":1598960993.4663832,"caller":"parser/articleUrlList.go:29","msg":"fetching","url":"https://tech.meituan.com/2019/01/17/distributed-hids-cluster-architecture-design.html"}
{"level":"info","ts":1598960993.4853199,"caller":"parser/articleUrlList.go:29","msg":"fetching","url":"https://tech.meituan.com/2019/01/17/dianping-search-deeplearning.html"}
{"level":"info","ts":1598960993.506111,"caller":"parser/articleUrlList.go:29","msg":"fetching","url":"https://tech.meituan.com/2019/01/10/biography-honglei.html"}
{"level":"info","ts":1598960993.5280561,"caller":"parser/articleUrlList.go:29","msg":"fetching","url":"https://tech.meituan.com/2019/01/10/traffic-git-branch-management.html"}
{"level":"info","ts":1598960993.550047,"caller":"parser/articleUrlList.go:29","msg":"fetching","url":"https://tech.meituan.com/2019/01/10/deep-learning-in-meituan-hotel-search-engine.html"}
{"level":"info","ts":1598960993.573806,"caller":"parser/articleUrlList.go:29","msg":"fetching","url":"https://tech.meituan.com/2019/01/03/spring-boot-native-memory-leak.html"}
{"level":"info","ts":1598960993.594311,"caller":"parser/articleUrlList.go:29","msg":"fetching","url":"https://tech.meituan.com/2019/01/03/jishushalong.html"}
{"level":"info","ts":1598960993.614294,"caller":"parser/articleUrlList.go:29","msg":"fetching","url":"https://tech.meituan.com/2018/12/27/ai-in-banner-design.html"}
{"level":"info","ts":1598960993.636845,"caller":"parser/articleUrlList.go:29","msg":"fetching","url":"https://tech.meituan.com/2018/12/27/ios-increment-coverage.html"}
{"level":"info","ts":1598960993.6596851,"caller":"parser/articleUrlList.go:29","msg":"fetching","url":"https://tech.meituan.com/2018/12/27/onedata-origin.html"}
{"level":"info","ts":1598960993.685942,"caller":"parser/articleUrlList.go:29","msg":"fetching","url":"https://tech.meituan.com/2018/12/20/modular-event.html"}
{"level":"info","ts":1598960993.704739,"caller":"parser/articleUrlList.go:29","msg":"fetching","url":"https://tech.meituan.com/2018/12/20/lrucache-practice-dsp.html"}
{"level":"info","ts":1598960993.726709,"caller":"parser/articleUrlList.go:29","msg":"fetching","url":"https://tech.meituan.com/2018/12/20/head-in-l2r.html"}
{"level":"info","ts":1598960993.7488341,"caller":"parser/articleUrlList.go:29","msg":"fetching","url":"https://tech.meituan.com/2018/12/13/intelligent-operation-practice-in-meituan.html"}
{"level":"info","ts":1598960993.768328,"caller":"parser/articleUrlList.go:29","msg":"fetching","url":"https://tech.meituan.com/2018/12/13/smart-payment.html"}
{"level":"info","ts":1598960995.208225,"caller":"crawler/crawlOperation.go:43","msg":"fetching","ArticleUrlList":"https://tech.meituan.com//page/6.html"}
{"level":"info","ts":1598960995.354688,"caller":"parser/articleUrlList.go:29","msg":"fetching","url":"https://tech.meituan.com/2018/12/06/biography-panweizeng.html"}
{"level":"info","ts":1598960995.372173,"caller":"parser/articleUrlList.go:29","msg":"fetching","url":"https://tech.meituan.com/2018/12/06/ai-in-meituan-csdn.html"}
{"level":"info","ts":1598960995.392926,"caller":"parser/articleUrlList.go:29","msg":"fetching","url":"https://tech.meituan.com/2018/12/06/binlog-dw.html"}
{"level":"info","ts":1598960995.411893,"caller":"parser/articleUrlList.go:29","msg":"fetching","url":"https://tech.meituan.com/2018/12/06/waimai-ios-optimizing-startup.html"}
{"level":"info","ts":1598960995.429594,"caller":"parser/articleUrlList.go:29","msg":"fetching","url":"https://tech.meituan.com/2018/11/22/hades.html"}
{"level":"info","ts":1598960995.447723,"caller":"parser/articleUrlList.go:29","msg":"fetching","url":"https://tech.meituan.com/2018/11/22/mysql-pingcap-practice.html"}
{"level":"info","ts":1598960995.464947,"caller":"parser/articleUrlList.go:29","msg":"fetching","url":"https://tech.meituan.com/2018/11/22/instant-logistics-distributed-system-architecture.html"}
{"level":"info","ts":1598960995.4822452,"caller":"parser/articleUrlList.go:29","msg":"fetching","url":"https://tech.meituan.com/2018/11/22/meituan-brain-nlp-01.html"}
{"level":"info","ts":1598960995.501259,"caller":"parser/articleUrlList.go:29","msg":"fetching","url":"https://tech.meituan.com/2018/11/15/java-lock.html"}
{"level":"info","ts":1598960995.518678,"caller":"parser/articleUrlList.go:29","msg":"fetching","url":"https://tech.meituan.com/2018/11/15/reinforcement-learning-in-mt-recommend-system.html"}
{"level":"info","ts":1598960995.536112,"caller":"parser/articleUrlList.go:29","msg":"fetching","url":"https://tech.meituan.com/2018/11/15/first-contentful-paint-practice.html"}
{"level":"info","ts":1598960995.555294,"caller":"parser/articleUrlList.go:29","msg":"fetching","url":"https://tech.meituan.com/2018/11/15/docker-architecture-and-evolution-practice.html"}
{"level":"info","ts":1598960995.5731761,"caller":"parser/articleUrlList.go:29","msg":"fetching","url":"https://tech.meituan.com/2018/11/08/ios-category-module-communicate.html"}
{"level":"info","ts":1598960995.596677,"caller":"parser/articleUrlList.go:29","msg":"fetching","url":"https://tech.meituan.com/2018/11/08/biography-xiahuaxia.html"}
{"level":"info","ts":1598960995.614104,"caller":"parser/articleUrlList.go:29","msg":"fetching","url":"https://tech.meituan.com/2018/11/08/intrusion-detection-security-meituan.html"}
{"level":"info","ts":1598960995.631316,"caller":"parser/articleUrlList.go:29","msg":"fetching","url":"https://tech.meituan.com/2018/11/01/cat-pr.html"}
{"level":"info","ts":1598960995.648683,"caller":"parser/articleUrlList.go:29","msg":"fetching","url":"https://tech.meituan.com/2018/11/01/swift-compile-performance-optimization.html"}
{"level":"info","ts":1598960995.6661649,"caller":"parser/articleUrlList.go:29","msg":"fetching","url":"https://tech.meituan.com/2018/11/01/cat-in-depth-java-application-monitoring.html"}
{"level":"info","ts":1598960995.683852,"caller":"parser/articleUrlList.go:29","msg":"fetching","url":"https://tech.meituan.com/2018/11/01/meituan-ai-nlp.html"}
{"level":"info","ts":1598960997.2112799,"caller":"crawler/crawlOperation.go:43","msg":"fetching","ArticleUrlList":"https://tech.meituan.com//page/7.html"}
{"level":"info","ts":1598960997.360777,"caller":"parser/articleUrlList.go:29","msg":"fetching","url":"https://tech.meituan.com/2018/10/25/dl-system-in-nlu-and-speech.html"}
{"level":"info","ts":1598960997.380552,"caller":"parser/articleUrlList.go:29","msg":"fetching","url":"https://tech.meituan.com/2018/10/18/netty-direct-memory-screening.html"}
{"level":"info","ts":1598960997.400277,"caller":"parser/articleUrlList.go:29","msg":"fetching","url":"https://tech.meituan.com/2018/10/18/meishi-data-flink.html"}
{"level":"info","ts":1598960997.41977,"caller":"parser/articleUrlList.go:29","msg":"fetching","url":"https://tech.meituan.com/2018/10/11/logan-open-source.html"}
{"level":"info","ts":1598960997.440253,"caller":"parser/articleUrlList.go:29","msg":"fetching","url":"https://tech.meituan.com/2018/10/11/fe-security-csrf.html"}
{"level":"info","ts":1598960997.457556,"caller":"parser/articleUrlList.go:29","msg":"fetching","url":"https://tech.meituan.com/2018/10/11/tfserving-improve.html"}
{"level":"info","ts":1598960997.476942,"caller":"parser/articleUrlList.go:29","msg":"fetching","url":"https://tech.meituan.com/2018/09/27/appkit.html"}
{"level":"info","ts":1598960997.494873,"caller":"parser/articleUrlList.go:29","msg":"fetching","url":"https://tech.meituan.com/2018/09/27/waimai-beeshell-popularize.html"}
{"level":"info","ts":1598960997.5134761,"caller":"parser/articleUrlList.go:29","msg":"fetching","url":"https://tech.meituan.com/2018/09/27/quake-introduction.html"}
{"level":"info","ts":1598960997.5331461,"caller":"parser/articleUrlList.go:29","msg":"fetching","url":"https://tech.meituan.com/2018/09/27/fe-security.html"}
{"level":"info","ts":1598960997.5512,"caller":"parser/articleUrlList.go:29","msg":"fetching","url":"https://tech.meituan.com/2018/09/27/waimai-android-multi-app-reuse.html"}
{"level":"info","ts":1598960997.568866,"caller":"parser/articleUrlList.go:29","msg":"fetching","url":"https://tech.meituan.com/2018/09/13/def-ar.html"}
{"level":"info","ts":1598960997.5862489,"caller":"parser/articleUrlList.go:29","msg":"fetching","url":"https://tech.meituan.com/2018/09/13/scan-to-pay-mini-program.html"}
{"level":"info","ts":1598960997.6041431,"caller":"parser/articleUrlList.go:29","msg":"fetching","url":"https://tech.meituan.com/2018/09/13/meituan-ju-zhu-topic-in-black-hat-usa-2018.html"}
{"level":"info","ts":1598960997.6217139,"caller":"parser/articleUrlList.go:29","msg":"fetching","url":"https://tech.meituan.com/2018/09/06/oceanus-custom-traffic-routing.html"}
{"level":"info","ts":1598960997.638741,"caller":"parser/articleUrlList.go:29","msg":"fetching","url":"https://tech.meituan.com/2018/09/06/fe-tiny-spa.html"}
{"level":"info","ts":1598960997.6595159,"caller":"parser/articleUrlList.go:29","msg":"fetching","url":"https://tech.meituan.com/2018/08/23/meituan-waimai-android-open-source-routing-framework.html"}
{"level":"info","ts":1598960997.67902,"caller":"parser/articleUrlList.go:29","msg":"fetching","url":"https://tech.meituan.com/2018/08/23/deep-understanding-of-jscore.html"}
{"level":"info","ts":1598960997.696911,"caller":"parser/articleUrlList.go:29","msg":"fetching","url":"https://tech.meituan.com/2018/08/16/10-principles-for-engineers.html"}
{"level":"info","ts":1598960999.211643,"caller":"crawler/crawlOperation.go:43","msg":"fetching","ArticleUrlList":"https://tech.meituan.com//page/8.html"}
{"level":"info","ts":1598960999.3715022,"caller":"parser/articleUrlList.go:29","msg":"fetching","url":"https://tech.meituan.com/2018/08/09/waimai-flutter-practice.html"}
{"level":"info","ts":1598960999.389737,"caller":"parser/articleUrlList.go:29","msg":"fetching","url":"https://tech.meituan.com/2018/08/09/qrcode-web-availability-guarantee.html"}
{"level":"info","ts":1598960999.4073339,"caller":"parser/articleUrlList.go:29","msg":"fetching","url":"https://tech.meituan.com/2018/08/02/erp-cd-jenkins-pipeline.html"}
{"level":"info","ts":1598960999.42747,"caller":"parser/articleUrlList.go:29","msg":"fetching","url":"https://tech.meituan.com/2018/08/02/mt-r-practice.html"}
{"level":"info","ts":1598960999.445245,"caller":"parser/articleUrlList.go:29","msg":"fetching","url":"https://tech.meituan.com/2018/07/27/redis-rehash-practice-optimization.html"}
{"level":"info","ts":1598960999.462507,"caller":"parser/articleUrlList.go:29","msg":"fetching","url":"https://tech.meituan.com/2018/07/26/android-livedatabus.html"}
{"level":"info","ts":1598960999.4799511,"caller":"parser/articleUrlList.go:29","msg":"fetching","url":"https://tech.meituan.com/2018/07/26/sep-service-arrange.html"}
{"level":"info","ts":1598960999.498569,"caller":"parser/articleUrlList.go:29","msg":"fetching","url":"https://tech.meituan.com/2018/07/26/peisong-sys-arch-evolution.html"}
{"level":"info","ts":1598960999.519148,"caller":"parser/articleUrlList.go:29","msg":"fetching","url":"https://tech.meituan.com/2018/07/19/react-programming-framework-easyreact-opensource.html"}
{"level":"info","ts":1598960999.5394518,"caller":"parser/articleUrlList.go:29","msg":"fetching","url":"https://tech.meituan.com/2018/07/19/cloud-phone.html"}
{"level":"info","ts":1598960999.557665,"caller":"parser/articleUrlList.go:29","msg":"fetching","url":"https://tech.meituan.com/2018/07/12/autospeed.html"}
{"level":"info","ts":1598960999.585737,"caller":"parser/articleUrlList.go:29","msg":"fetching","url":"https://tech.meituan.com/2018/07/12/mci.html"}
{"level":"info","ts":1598960999.604426,"caller":"parser/articleUrlList.go:29","msg":"fetching","url":"https://tech.meituan.com/2018/07/12/deep-learning-image-recognition.html"}
{"level":"info","ts":1598960999.6248472,"caller":"parser/articleUrlList.go:29","msg":"fetching","url":"https://tech.meituan.com/2018/07/05/kotlin-code-inspect.html"}
{"level":"info","ts":1598960999.64371,"caller":"parser/articleUrlList.go:29","msg":"fetching","url":"https://tech.meituan.com/2018/07/05/dp-user-action-system.html"}
{"level":"info","ts":1598960999.6614132,"caller":"parser/articleUrlList.go:29","msg":"fetching","url":"https://tech.meituan.com/2018/07/05/fe-and-golang.html"}
{"level":"info","ts":1598960999.6780128,"caller":"parser/articleUrlList.go:29","msg":"fetching","url":"https://tech.meituan.com/2018/06/29/deep-learning-ocr.html"}
{"level":"info","ts":1598960999.6943529,"caller":"parser/articleUrlList.go:29","msg":"fetching","url":"https://tech.meituan.com/2018/06/29/ios-multiterminal-reuse.html"}
{"level":"info","ts":1598960999.7109911,"caller":"parser/articleUrlList.go:29","msg":"fetching","url":"https://tech.meituan.com/2018/06/21/picasso-the-future.html"}
{"level":"info","ts":1598961001.212064,"caller":"crawler/crawlOperation.go:43","msg":"fetching","ArticleUrlList":"https://tech.meituan.com//page/9.html"}
{"level":"info","ts":1598961001.366248,"caller":"parser/articleUrlList.go:29","msg":"fetching","url":"https://tech.meituan.com/2018/06/14/wwdc-ap.html"}
{"level":"info","ts":1598961001.384628,"caller":"parser/articleUrlList.go:29","msg":"fetching","url":"https://tech.meituan.com/2018/06/14/waimai-android-crash.html"}
{"level":"info","ts":1598961001.404182,"caller":"parser/articleUrlList.go:29","msg":"fetching","url":"https://tech.meituan.com/2018/06/07/searchads-dnn.html"}
{"level":"info","ts":1598961001.424417,"caller":"parser/articleUrlList.go:29","msg":"fetching","url":"https://tech.meituan.com/2018/05/31/dp-account-high-avaliable-road.html"}
{"level":"info","ts":1598961001.44335,"caller":"parser/articleUrlList.go:29","msg":"fetching","url":"https://tech.meituan.com/2018/05/31/waimai-client-high-availability.html"}
{"level":"info","ts":1598961001.465805,"caller":"parser/articleUrlList.go:29","msg":"fetching","url":"https://tech.meituan.com/2018/05/24/data-security-system-construction.html"}
{"level":"info","ts":1598961001.482891,"caller":"parser/articleUrlList.go:29","msg":"fetching","url":"https://tech.meituan.com/2018/05/24/traffic-realtime-data-product-practice.html"}
{"level":"info","ts":1598961001.51018,"caller":"parser/articleUrlList.go:29","msg":"fetching","url":"https://tech.meituan.com/2018/05/20/sql-parser-used-in-mtdp.html"}
{"level":"info","ts":1598961001.550984,"caller":"parser/articleUrlList.go:29","msg":"fetching","url":"https://tech.meituan.com/2018/05/20/data-security-protection-new-exploration.html"}
{"level":"info","ts":1598961001.573983,"caller":"parser/articleUrlList.go:29","msg":"fetching","url":"https://tech.meituan.com/2018/05/20/kerberos-big-data-platform.html"}
{"level":"info","ts":1598961001.590674,"caller":"parser/articleUrlList.go:29","msg":"fetching","url":"https://tech.meituan.com/2018/05/11/adp-rtidx-ls.html"}
{"level":"info","ts":1598961001.607599,"caller":"parser/articleUrlList.go:29","msg":"fetching","url":"https://tech.meituan.com/2018/05/11/quality-operation-in-zcm.html"}
{"level":"info","ts":1598961001.6239412,"caller":"parser/articleUrlList.go:29","msg":"fetching","url":"https://tech.meituan.com/2018/04/27/ruby-autotest.html"}
{"level":"info","ts":1598961001.640579,"caller":"parser/articleUrlList.go:29","msg":"fetching","url":"https://tech.meituan.com/2018/04/27/mt-proguard.html"}
{"level":"info","ts":1598961001.660154,"caller":"parser/articleUrlList.go:29","msg":"fetching","url":"https://tech.meituan.com/2018/04/19/trade-high-availability-in-action.html"}
{"level":"info","ts":1598961001.676778,"caller":"parser/articleUrlList.go:29","msg":"fetching","url":"https://tech.meituan.com/2018/04/19/hb-rt-operation.html"}
{"level":"info","ts":1598961001.693727,"caller":"parser/articleUrlList.go:29","msg":"fetching","url":"https://tech.meituan.com/2018/04/16/study-vs-work.html"}
{"level":"info","ts":1598961001.71028,"caller":"parser/articleUrlList.go:29","msg":"fetching","url":"https://tech.meituan.com/2018/04/13/waimai-android-lint.html"}
{"level":"info","ts":1598961001.727805,"caller":"parser/articleUrlList.go:29","msg":"fetching","url":"https://tech.meituan.com/2018/04/08/tensorflow-performance-bottleneck-analysis-on-hadoop.html"}
{"level":"info","ts":1598961003.213867,"caller":"crawler/crawlOperation.go:43","msg":"fetching","ArticleUrlList":"https://tech.meituan.com//page/10.html"}
{"level":"info","ts":1598961003.354084,"caller":"parser/articleUrlList.go:29","msg":"fetching","url":"https://tech.meituan.com/2018/03/29/recommend-dnn.html"}
{"level":"info","ts":1598961003.3727858,"caller":"parser/articleUrlList.go:29","msg":"fetching","url":"https://tech.meituan.com/2018/03/29/herenqing-ai-con.html"}
{"level":"info","ts":1598961003.390808,"caller":"parser/articleUrlList.go:29","msg":"fetching","url":"https://tech.meituan.com/2018/03/21/mtdp-dataman.html"}
{"level":"info","ts":1598961003.408355,"caller":"parser/articleUrlList.go:29","msg":"fetching","url":"https://tech.meituan.com/2018/03/21/balance-accounts.html"}
{"level":"info","ts":1598961003.42946,"caller":"parser/articleUrlList.go:29","msg":"fetching","url":"https://tech.meituan.com/2018/03/20/2018summary.html"}
{"level":"info","ts":1598961003.448094,"caller":"parser/articleUrlList.go:29","msg":"fetching","url":"https://tech.meituan.com/2018/03/20/user-funnel-analysis-design-build.html"}
{"level":"info","ts":1598961003.473563,"caller":"parser/articleUrlList.go:29","msg":"fetching","url":"https://tech.meituan.com/2018/03/16/redis-high-concurrency-optimization.html"}
{"level":"info","ts":1598961003.493757,"caller":"parser/articleUrlList.go:29","msg":"fetching","url":"https://tech.meituan.com/2018/03/16/meituan-food-delivery-android-architecture-evolution.html"}
{"level":"info","ts":1598961003.5139241,"caller":"parser/articleUrlList.go:29","msg":"fetching","url":"https://tech.meituan.com/2018/03/16/performance-management-system-sales-staff.html"}
{"level":"info","ts":1598961003.534152,"caller":"parser/articleUrlList.go:29","msg":"fetching","url":"https://tech.meituan.com/2018/03/16/front-end-web-architecture.html"}
{"level":"info","ts":1598961003.554348,"caller":"parser/articleUrlList.go:29","msg":"fetching","url":"https://tech.meituan.com/2018/03/11/dianping-shortvideo-battery-testcase.html"}
{"level":"info","ts":1598961003.575423,"caller":"parser/articleUrlList.go:29","msg":"fetching","url":"https://tech.meituan.com/2018/03/11/mt-mpvue-development-framework.html"}
{"level":"info","ts":1598961003.59618,"caller":"parser/articleUrlList.go:29","msg":"fetching","url":"https://tech.meituan.com/2018/03/08/biography-rendengjun.html"}
{"level":"info","ts":1598961003.6173382,"caller":"parser/articleUrlList.go:29","msg":"fetching","url":"https://tech.meituan.com/2018/02/28/android-holmes.html"}
{"level":"info","ts":1598961003.63505,"caller":"parser/articleUrlList.go:29","msg":"fetching","url":"https://tech.meituan.com/2018/02/11/logan.html"}
{"level":"info","ts":1598961003.652375,"caller":"parser/articleUrlList.go:29","msg":"fetching","url":"https://tech.meituan.com/2018/02/11/mtdp-travel-yydp-present.html"}
{"level":"info","ts":1598961003.676669,"caller":"parser/articleUrlList.go:29","msg":"fetching","url":"https://tech.meituan.com/2018/02/02/android-anti-hooking.html"}
{"level":"info","ts":1598961003.694054,"caller":"parser/articleUrlList.go:29","msg":"fetching","url":"https://tech.meituan.com/2018/02/02/traffic-data-product.html"}
{"level":"info","ts":1598961003.712138,"caller":"parser/articleUrlList.go:29","msg":"fetching","url":"https://tech.meituan.com/2018/02/02/cnn-ar-mobile-car-finding.html"}
{"level":"info","ts":1598961005.218563,"caller":"crawler/crawlOperation.go:43","msg":"fetching","ArticleUrlList":"https://tech.meituan.com//page/11.html"}
{"level":"info","ts":1598961005.394418,"caller":"parser/articleUrlList.go:29","msg":"fetching","url":"https://tech.meituan.com/2018/01/26/realtime-data-measure.html"}
{"level":"info","ts":1598961005.414749,"caller":"parser/articleUrlList.go:29","msg":"fetching","url":"https://tech.meituan.com/2018/01/19/overseas-business-performance-optimization-practice.html"}
{"level":"info","ts":1598961005.436772,"caller":"parser/articleUrlList.go:29","msg":"fetching","url":"https://tech.meituan.com/2018/01/19/mybatis-cache.html"}
{"level":"info","ts":1598961005.4554932,"caller":"parser/articleUrlList.go:29","msg":"fetching","url":"https://tech.meituan.com/2018/01/15/satellite-system.html"}
{"level":"info","ts":1598961005.474336,"caller":"parser/articleUrlList.go:29","msg":"fetching","url":"https://tech.meituan.com/2018/01/15/high-performance-platform-design.html"}
{"level":"info","ts":1598961005.493523,"caller":"parser/articleUrlList.go:29","msg":"fetching","url":"https://tech.meituan.com/2018/01/09/lego-api-test.html"}
{"level":"info","ts":1598961005.518555,"caller":"parser/articleUrlList.go:29","msg":"fetching","url":"https://tech.meituan.com/2018/01/09/mson.html"}
{"level":"info","ts":1598961005.541355,"caller":"parser/articleUrlList.go:29","msg":"fetching","url":"https://tech.meituan.com/2017/12/29/jvm-optimize.html"}
{"level":"info","ts":1598961005.559253,"caller":"parser/articleUrlList.go:29","msg":"fetching","url":"https://tech.meituan.com/2017/12/29/godeye-scene-search.html"}
{"level":"info","ts":1598961005.5761,"caller":"parser/articleUrlList.go:29","msg":"fetching","url":"https://tech.meituan.com/2017/12/28/shield-opensource.html"}
{"level":"info","ts":1598961005.595007,"caller":"parser/articleUrlList.go:29","msg":"fetching","url":"https://tech.meituan.com/2017/12/23/qrcodepayment-static-optimize.html"}
{"level":"info","ts":1598961005.612174,"caller":"parser/articleUrlList.go:29","msg":"fetching","url":"https://tech.meituan.com/2017/12/22/ddd-in-practice.html"}
{"level":"info","ts":1598961005.632653,"caller":"parser/articleUrlList.go:29","msg":"fetching","url":"https://tech.meituan.com/2017/12/04/logictree.html"}
{"level":"info","ts":1598961005.6586308,"caller":"parser/articleUrlList.go:29","msg":"fetching","url":"https://tech.meituan.com/2017/12/04/targeting-agentscore.html"}
{"level":"info","ts":1598961005.6768472,"caller":"parser/articleUrlList.go:29","msg":"fetching","url":"https://tech.meituan.com/2017/11/24/gbdt.html"}
{"level":"info","ts":1598961005.695332,"caller":"parser/articleUrlList.go:29","msg":"fetching","url":"https://tech.meituan.com/2017/11/17/mysql-flashback.html"}
{"level":"info","ts":1598961005.714396,"caller":"parser/articleUrlList.go:29","msg":"fetching","url":"https://tech.meituan.com/2017/11/17/flink-benchmark.html"}
{"level":"info","ts":1598961005.7324421,"caller":"parser/articleUrlList.go:29","msg":"fetching","url":"https://tech.meituan.com/2017/11/14/digger-share.html"}
{"level":"info","ts":1598961005.7528908,"caller":"parser/articleUrlList.go:29","msg":"fetching","url":"https://tech.meituan.com/2017/11/03/dsmf.html"}
{"level":"info","ts":1598961007.2223349,"caller":"crawler/crawlOperation.go:43","msg":"fetching","ArticleUrlList":"https://tech.meituan.com//page/12.html"}
{"level":"info","ts":1598961007.359498,"caller":"parser/articleUrlList.go:29","msg":"fetching","url":"https://tech.meituan.com/2017/10/27/security-port-monitor.html"}
{"level":"info","ts":1598961007.377768,"caller":"parser/articleUrlList.go:29","msg":"fetching","url":"https://tech.meituan.com/2017/10/27/pay-paygw-automation-system.html"}
{"level":"info","ts":1598961007.39552,"caller":"parser/articleUrlList.go:29","msg":"fetching","url":"https://tech.meituan.com/2017/10/12/functional-programming-in-redux.html"}
{"level":"info","ts":1598961007.4146078,"caller":"parser/articleUrlList.go:29","msg":"fetching","url":"https://tech.meituan.com/2017/10/12/android-hydra.html"}
{"level":"info","ts":1598961007.431325,"caller":"parser/articleUrlList.go:29","msg":"fetching","url":"https://tech.meituan.com/2017/10/11/o2o-intelligent-distribution.html"}
{"level":"info","ts":1598961007.4493482,"caller":"parser/articleUrlList.go:29","msg":"fetching","url":"https://tech.meituan.com/2017/09/29/spring-data-rest-cve.html"}
{"level":"info","ts":1598961007.467356,"caller":"parser/articleUrlList.go:29","msg":"fetching","url":"https://tech.meituan.com/2017/09/29/iphonex.html"}
{"level":"info","ts":1598961007.4880939,"caller":"parser/articleUrlList.go:29","msg":"fetching","url":"https://tech.meituan.com/2017/09/22/online-feature-system02.html"}
{"level":"info","ts":1598961007.505559,"caller":"parser/articleUrlList.go:29","msg":"fetching","url":"https://tech.meituan.com/2017/09/22/optimization-of-front-end-sensory-properties.html"}
{"level":"info","ts":1598961007.522343,"caller":"parser/articleUrlList.go:29","msg":"fetching","url":"https://tech.meituan.com/2017/09/14/android-binde-kcon.html"}
{"level":"info","ts":1598961007.54079,"caller":"parser/articleUrlList.go:29","msg":"fetching","url":"https://tech.meituan.com/2017/09/07/biography-yanpeng.html"}
{"level":"info","ts":1598961007.5579362,"caller":"parser/articleUrlList.go:29","msg":"fetching","url":"https://tech.meituan.com/2017/09/07/hunt-sdk-practice.html"}
{"level":"info","ts":1598961007.577436,"caller":"parser/articleUrlList.go:29","msg":"fetching","url":"https://tech.meituan.com/2017/08/25/dataplat-coalesce.html"}
{"level":"info","ts":1598961007.595309,"caller":"parser/articleUrlList.go:29","msg":"fetching","url":"https://tech.meituan.com/2017/08/17/android-code-arbiter.html"}
{"level":"info","ts":1598961007.61306,"caller":"parser/articleUrlList.go:29","msg":"fetching","url":"https://tech.meituan.com/2017/08/10/checkout-counter-front-end.html"}
{"level":"info","ts":1598961007.630785,"caller":"parser/articleUrlList.go:29","msg":"fetching","url":"https://tech.meituan.com/2017/08/03/meituanyun-sre.html"}
{"level":"info","ts":1598961007.649591,"caller":"parser/articleUrlList.go:29","msg":"fetching","url":"https://tech.meituan.com/2017/07/28/dl.html"}
{"level":"info","ts":1598961007.667823,"caller":"parser/articleUrlList.go:29","msg":"fetching","url":"https://tech.meituan.com/2017/07/20/android-remote-debug.html"}
{"level":"info","ts":1598961007.686118,"caller":"parser/articleUrlList.go:29","msg":"fetching","url":"https://tech.meituan.com/2017/07/14/redux-design-code.html"}
{"level":"info","ts":1598961009.225465,"caller":"crawler/crawlOperation.go:43","msg":"fetching","ArticleUrlList":"https://tech.meituan.com//page/13.html"}
{"level":"info","ts":1598961009.377818,"caller":"parser/articleUrlList.go:29","msg":"fetching","url":"https://tech.meituan.com/2017/07/06/lsloader.html"}
{"level":"info","ts":1598961009.394565,"caller":"parser/articleUrlList.go:29","msg":"fetching","url":"https://tech.meituan.com/2017/07/06/online-feature-system.html"}
{"level":"info","ts":1598961009.41139,"caller":"parser/articleUrlList.go:29","msg":"fetching","url":"https://tech.meituan.com/2017/06/29/fuhua-haiwai.html"}
{"level":"info","ts":1598961009.430767,"caller":"parser/articleUrlList.go:29","msg":"fetching","url":"https://tech.meituan.com/2017/06/29/database-availability-architecture.html"}
{"level":"info","ts":1598961009.4475021,"caller":"parser/articleUrlList.go:29","msg":"fetching","url":"https://tech.meituan.com/2017/06/23/mobile-app-automation.html"}
{"level":"info","ts":1598961009.4645948,"caller":"parser/articleUrlList.go:29","msg":"fetching","url":"https://tech.meituan.com/2017/06/23/thrifycopy-and-faultdrill-system.html"}
{"level":"info","ts":1598961009.481484,"caller":"parser/articleUrlList.go:29","msg":"fetching","url":"https://tech.meituan.com/2017/06/16/android-jacoco-practace.html"}
{"level":"info","ts":1598961009.4982789,"caller":"parser/articleUrlList.go:29","msg":"fetching","url":"https://tech.meituan.com/2017/06/16/travel-search-strategy.html"}
{"level":"info","ts":1598961009.516725,"caller":"parser/articleUrlList.go:29","msg":"fetching","url":"https://tech.meituan.com/2017/06/09/webviewperf.html"}
{"level":"info","ts":1598961009.533348,"caller":"parser/articleUrlList.go:29","msg":"fetching","url":"https://tech.meituan.com/2017/06/09/maze-framework.html"}
{"level":"info","ts":1598961009.55024,"caller":"parser/articleUrlList.go:29","msg":"fetching","url":"https://tech.meituan.com/2017/05/26/ios-hyperloop.html"}
{"level":"info","ts":1598961009.567164,"caller":"parser/articleUrlList.go:29","msg":"fetching","url":"https://tech.meituan.com/2017/05/26/hotel-dw-layer-topic.html"}
{"level":"info","ts":1598961009.583902,"caller":"parser/articleUrlList.go:29","msg":"fetching","url":"https://tech.meituan.com/2017/05/19/about-desk-io.html"}
{"level":"info","ts":1598961009.600439,"caller":"parser/articleUrlList.go:29","msg":"fetching","url":"https://tech.meituan.com/2017/05/19/speculative-partial-writes-erasure-coded-systems.html"}
{"level":"info","ts":1598961009.620956,"caller":"parser/articleUrlList.go:29","msg":"fetching","url":"https://tech.meituan.com/2017/05/12/hulk-scheduler-introduction.html"}
{"level":"info","ts":1598961009.637538,"caller":"parser/articleUrlList.go:29","msg":"fetching","url":"https://tech.meituan.com/2017/05/12/hotel-fe-tech-system.html"}
{"level":"info","ts":1598961009.658943,"caller":"parser/articleUrlList.go:29","msg":"fetching","url":"https://tech.meituan.com/2017/05/05/machine-learning-model-optimization.html"}
{"level":"info","ts":1598961009.675731,"caller":"parser/articleUrlList.go:29","msg":"fetching","url":"https://tech.meituan.com/2017/05/05/mt-dsp.html"}
{"level":"info","ts":1598961009.6923819,"caller":"parser/articleUrlList.go:29","msg":"fetching","url":"https://tech.meituan.com/2017/04/27/vuex-code-analysis.html"}
{"level":"info","ts":1598961011.225604,"caller":"crawler/crawlOperation.go:43","msg":"fetching","ArticleUrlList":"https://tech.meituan.com//page/14.html"}
{"level":"info","ts":1598961011.380703,"caller":"parser/articleUrlList.go:29","msg":"fetching","url":"https://tech.meituan.com/2017/04/21/mt-leaf.html"}
{"level":"info","ts":1598961011.399621,"caller":"parser/articleUrlList.go:29","msg":"fetching","url":"https://tech.meituan.com/2017/04/21/order-holtwinter.html"}
{"level":"info","ts":1598961011.419269,"caller":"parser/articleUrlList.go:29","msg":"fetching","url":"https://tech.meituan.com/2017/04/14/oom-analysis.html"}
{"level":"info","ts":1598961011.4394188,"caller":"parser/articleUrlList.go:29","msg":"fetching","url":"https://tech.meituan.com/2017/04/14/hdfs-federation.html"}
{"level":"info","ts":1598961011.459829,"caller":"parser/articleUrlList.go:29","msg":"fetching","url":"https://tech.meituan.com/2017/04/07/android-shrink-overall-solution.html"}
{"level":"info","ts":1598961011.478973,"caller":"parser/articleUrlList.go:29","msg":"fetching","url":"https://tech.meituan.com/2017/04/07/google-security-ayazero.html"}
{"level":"info","ts":1598961011.496665,"caller":"parser/articleUrlList.go:29","msg":"fetching","url":"https://tech.meituan.com/2017/03/24/dot.html"}
{"level":"info","ts":1598961011.514616,"caller":"parser/articleUrlList.go:29","msg":"fetching","url":"https://tech.meituan.com/2017/03/24/travel-recsys.html"}
{"level":"info","ts":1598961011.534401,"caller":"parser/articleUrlList.go:29","msg":"fetching","url":"https://tech.meituan.com/2017/03/17/android-autopatch.html"}
{"level":"info","ts":1598961011.556843,"caller":"parser/articleUrlList.go:29","msg":"fetching","url":"https://tech.meituan.com/2017/03/17/namenode-restart-optimization.html"}
{"level":"info","ts":1598961011.576531,"caller":"parser/articleUrlList.go:29","msg":"fetching","url":"https://tech.meituan.com/2017/03/17/cache-about.html"}
{"level":"info","ts":1598961011.596343,"caller":"parser/articleUrlList.go:29","msg":"fetching","url":"https://tech.meituan.com/2017/03/17/shark-sdk.html"}
{"level":"info","ts":1598961011.615297,"caller":"parser/articleUrlList.go:29","msg":"fetching","url":"https://tech.meituan.com/2017/03/09/android-custom-lint2.html"}
{"level":"info","ts":1598961011.632937,"caller":"parser/articleUrlList.go:29","msg":"fetching","url":"https://tech.meituan.com/2017/03/09/waimai-lego.html"}
{"level":"info","ts":1598961011.664696,"caller":"parser/articleUrlList.go:29","msg":"fetching","url":"https://tech.meituan.com/2017/03/09/sqladvisor-pr.html"}
{"level":"info","ts":1598961011.699741,"caller":"parser/articleUrlList.go:29","msg":"fetching","url":"https://tech.meituan.com/2017/03/02/waimai-data-feature-service.html"}
{"level":"info","ts":1598961011.7415218,"caller":"parser/articleUrlList.go:29","msg":"fetching","url":"https://tech.meituan.com/2017/03/02/mt-mobile-analytics-practice.html"}
{"level":"info","ts":1598961011.7615051,"caller":"parser/articleUrlList.go:29","msg":"fetching","url":"https://tech.meituan.com/2017/02/24/mt-falcon-monitoring-system.html"}
{"level":"info","ts":1598961011.784138,"caller":"parser/articleUrlList.go:29","msg":"fetching","url":"https://tech.meituan.com/2017/02/24/the-future-of-layout.html"}
{"level":"info","ts":1598961013.229242,"caller":"crawler/crawlOperation.go:43","msg":"fetching","ArticleUrlList":"https://tech.meituan.com//page/15.html"}
{"level":"info","ts":1598961013.4178,"caller":"parser/articleUrlList.go:29","msg":"fetching","url":"https://tech.meituan.com/2017/02/17/change-log-level.html"}
{"level":"info","ts":1598961013.437131,"caller":"parser/articleUrlList.go:29","msg":"fetching","url":"https://tech.meituan.com/2017/02/10/deeplearning-application.html"}
{"level":"info","ts":1598961013.45607,"caller":"parser/articleUrlList.go:29","msg":"fetching","url":"https://tech.meituan.com/2017/01/23/all-the-papers-2016.html"}
{"level":"info","ts":1598961013.474499,"caller":"parser/articleUrlList.go:29","msg":"fetching","url":"https://tech.meituan.com/2017/01/23/mt-docker-practice.html"}
{"level":"info","ts":1598961013.493094,"caller":"parser/articleUrlList.go:29","msg":"fetching","url":"https://tech.meituan.com/2017/01/19/hardware-accelerate.html"}
{"level":"info","ts":1598961013.510684,"caller":"parser/articleUrlList.go:29","msg":"fetching","url":"https://tech.meituan.com/2017/01/19/clean-code.html"}
{"level":"info","ts":1598961013.528298,"caller":"parser/articleUrlList.go:29","msg":"fetching","url":"https://tech.meituan.com/2017/01/13/android-apk-v2-signature-scheme.html"}
{"level":"info","ts":1598961013.54758,"caller":"parser/articleUrlList.go:29","msg":"fetching","url":"https://tech.meituan.com/2017/01/13/risk-control-system-experience-sharing.html"}
{"level":"info","ts":1598961013.565783,"caller":"parser/articleUrlList.go:29","msg":"fetching","url":"https://tech.meituan.com/2017/01/05/mgw.html"}
{"level":"info","ts":1598961013.5841181,"caller":"parser/articleUrlList.go:29","msg":"fetching","url":"https://tech.meituan.com/2017/01/05/tech-salon-13-app-proto.html"}
{"level":"info","ts":1598961013.603631,"caller":"parser/articleUrlList.go:29","msg":"fetching","url":"https://tech.meituan.com/2017/01/05/dbproxy-pr.html"}
{"level":"info","ts":1598961013.6276531,"caller":"parser/articleUrlList.go:29","msg":"fetching","url":"https://tech.meituan.com/2016/12/27/meituan-tuangou-order.html"}
{"level":"info","ts":1598961013.654144,"caller":"parser/articleUrlList.go:29","msg":"fetching","url":"https://tech.meituan.com/2016/12/26/data-consistency.html"}
{"level":"info","ts":1598961013.67353,"caller":"parser/articleUrlList.go:29","msg":"fetching","url":"https://tech.meituan.com/2016/12/19/mtddl.html"}
{"level":"info","ts":1598961013.697288,"caller":"parser/articleUrlList.go:29","msg":"fetching","url":"https://tech.meituan.com/2016/12/19/hertz.html"}
{"level":"info","ts":1598961013.715413,"caller":"parser/articleUrlList.go:29","msg":"fetching","url":"https://tech.meituan.com/2016/12/09/namenode-memory-detail.html"}
{"level":"info","ts":1598961013.735306,"caller":"parser/articleUrlList.go:29","msg":"fetching","url":"https://tech.meituan.com/2016/12/09/feature-pipeline.html"}
{"level":"info","ts":1598961013.754679,"caller":"parser/articleUrlList.go:29","msg":"fetching","url":"https://tech.meituan.com/2016/12/02/performance-tunning.html"}
{"level":"info","ts":1598961013.779685,"caller":"parser/articleUrlList.go:29","msg":"fetching","url":"https://tech.meituan.com/2016/12/02/redblack-tree.html"}
{"level":"info","ts":1598961015.2344801,"caller":"crawler/crawlOperation.go:43","msg":"fetching","ArticleUrlList":"https://tech.meituan.com//page/16.html"}
{"level":"info","ts":1598961016.078858,"caller":"parser/articleUrlList.go:29","msg":"fetching","url":"https://tech.meituan.com/2016/11/24/appium-mock-test.html"}
{"level":"info","ts":1598961016.097055,"caller":"parser/articleUrlList.go:29","msg":"fetching","url":"https://tech.meituan.com/2016/11/18/dianping-order-db-sharding.html"}
{"level":"info","ts":1598961016.1157959,"caller":"parser/articleUrlList.go:29","msg":"fetching","url":"https://tech.meituan.com/2016/11/18/disruptor.html"}
{"level":"info","ts":1598961016.135377,"caller":"parser/articleUrlList.go:29","msg":"fetching","url":"https://tech.meituan.com/2016/11/11/android-mvvm.html"}
{"level":"info","ts":1598961016.163915,"caller":"parser/articleUrlList.go:29","msg":"fetching","url":"https://tech.meituan.com/2016/11/11/service-fault-tolerant-pattern.html"}
{"level":"info","ts":1598961016.1834261,"caller":"parser/articleUrlList.go:29","msg":"fetching","url":"https://tech.meituan.com/2016/11/04/nio.html"}
{"level":"info","ts":1598961016.201817,"caller":"parser/articleUrlList.go:29","msg":"fetching","url":"https://tech.meituan.com/2016/11/04/spark-streaming-es.html"}
{"level":"info","ts":1598961016.219567,"caller":"parser/articleUrlList.go:29","msg":"fetching","url":"https://tech.meituan.com/2016/10/21/test-of-storms-reliability.html"}
{"level":"info","ts":1598961016.239143,"caller":"parser/articleUrlList.go:29","msg":"fetching","url":"https://tech.meituan.com/2016/10/21/spider.html"}
{"level":"info","ts":1598961016.261034,"caller":"parser/articleUrlList.go:29","msg":"fetching","url":"https://tech.meituan.com/2016/10/14/reactive-cocoa-signal-flow.html"}
{"level":"info","ts":1598961016.281783,"caller":"parser/articleUrlList.go:29","msg":"fetching","url":"https://tech.meituan.com/2016/10/14/mt-mtrace.html"}
{"level":"info","ts":1598961016.304666,"caller":"parser/articleUrlList.go:29","msg":"fetching","url":"https://tech.meituan.com/2016/09/30/mt-trip-springmvc-service-annotation-problem-research.html"}
{"level":"info","ts":1598961016.322879,"caller":"parser/articleUrlList.go:29","msg":"fetching","url":"https://tech.meituan.com/2016/09/29/distributed-system-mutually-exclusive-idempotence-cerberus-gtis.html"}
{"level":"info","ts":1598961016.340519,"caller":"parser/articleUrlList.go:29","msg":"fetching","url":"https://tech.meituan.com/2016/09/28/stress-test-before-promotion.html"}
{"level":"info","ts":1598961016.365931,"caller":"parser/articleUrlList.go:29","msg":"fetching","url":"https://tech.meituan.com/2016/09/23/g1.html"}
{"level":"info","ts":1598961016.386753,"caller":"parser/articleUrlList.go:29","msg":"fetching","url":"https://tech.meituan.com/2016/09/18/the-construction-of-database-automation-system.html"}
{"level":"info","ts":1598961016.414251,"caller":"parser/articleUrlList.go:29","msg":"fetching","url":"https://tech.meituan.com/2016/09/14/android-robust.html"}
{"level":"info","ts":1598961016.445865,"caller":"parser/articleUrlList.go:29","msg":"fetching","url":"https://tech.meituan.com/2016/09/09/mt-waimai-order-evolution.html"}
{"level":"info","ts":1598961016.464791,"caller":"parser/articleUrlList.go:29","msg":"fetching","url":"https://tech.meituan.com/2016/09/09/dbproxy-introduction.html"}
{"level":"info","ts":1598961017.235269,"caller":"crawler/crawlOperation.go:43","msg":"fetching","ArticleUrlList":"https://tech.meituan.com//page/17.html"}
{"level":"info","ts":1598961017.401582,"caller":"parser/articleUrlList.go:29","msg":"fetching","url":"https://tech.meituan.com/2016/09/02/ios-uitest-kif.html"}
{"level":"info","ts":1598961017.421046,"caller":"parser/articleUrlList.go:29","msg":"fetching","url":"https://tech.meituan.com/2016/08/26/namenode.html"}
{"level":"info","ts":1598961017.450391,"caller":"parser/articleUrlList.go:29","msg":"fetching","url":"https://tech.meituan.com/2016/08/19/potential-memory-leak-in-reactivecocoa.html"}
{"level":"info","ts":1598961017.470752,"caller":"parser/articleUrlList.go:29","msg":"fetching","url":"https://tech.meituan.com/2016/08/12/koa-restql.html"}
{"level":"info","ts":1598961017.492806,"caller":"parser/articleUrlList.go:29","msg":"fetching","url":"https://tech.meituan.com/2016/08/05/distributed-queue-based-programming-optimization.html"}
{"level":"info","ts":1598961017.515451,"caller":"parser/articleUrlList.go:29","msg":"fetching","url":"https://tech.meituan.com/2016/07/29/distributed-queue-based-programming.html"}
{"level":"info","ts":1598961017.5346339,"caller":"parser/articleUrlList.go:29","msg":"fetching","url":"https://tech.meituan.com/2016/07/22/stream-in-action.html"}
{"level":"info","ts":1598961017.5551271,"caller":"parser/articleUrlList.go:29","msg":"fetching","url":"https://tech.meituan.com/2016/07/15/stream-internals.html"}
{"level":"info","ts":1598961017.572921,"caller":"parser/articleUrlList.go:29","msg":"fetching","url":"https://tech.meituan.com/2016/07/08/stream-basics.html"}
{"level":"info","ts":1598961017.594026,"caller":"parser/articleUrlList.go:29","msg":"fetching","url":"https://tech.meituan.com/2016/07/01/mq-design.html"}
{"level":"info","ts":1598961017.615724,"caller":"parser/articleUrlList.go:29","msg":"fetching","url":"https://tech.meituan.com/2016/06/24/java-hashmap.html"}
{"level":"info","ts":1598961017.6352582,"caller":"parser/articleUrlList.go:29","msg":"fetching","url":"https://tech.meituan.com/2016/06/16/avalanche-study.html"}
{"level":"info","ts":1598961017.65698,"caller":"parser/articleUrlList.go:29","msg":"fetching","url":"https://tech.meituan.com/2016/06/03/caozhentuan-interview-at-infoq.html"}
{"level":"info","ts":1598961017.676306,"caller":"parser/articleUrlList.go:29","msg":"fetching","url":"https://tech.meituan.com/2016/05/20/the-practice-of-dianping-channel-gateway.html"}
{"level":"info","ts":1598961017.695199,"caller":"parser/articleUrlList.go:29","msg":"fetching","url":"https://tech.meituan.com/2016/05/12/spark-tuning-pro.html"}
{"level":"info","ts":1598961017.7142951,"caller":"parser/articleUrlList.go:29","msg":"fetching","url":"https://tech.meituan.com/2016/04/29/spark-tuning-basic.html"}
{"level":"info","ts":1598961017.734122,"caller":"parser/articleUrlList.go:29","msg":"fetching","url":"https://tech.meituan.com/2016/04/21/online-learning.html"}
{"level":"info","ts":1598961017.752037,"caller":"parser/articleUrlList.go:29","msg":"fetching","url":"https://tech.meituan.com/2016/04/13/dp-growth-hacker.html"}
{"level":"info","ts":1598961017.7764008,"caller":"parser/articleUrlList.go:29","msg":"fetching","url":"https://tech.meituan.com/2016/03/31/spark-in-meituan.html"}
{"level":"info","ts":1598961019.2356448,"caller":"crawler/crawlOperation.go:43","msg":"fetching","ArticleUrlList":"https://tech.meituan.com//page/18.html"}
{"level":"info","ts":1598961019.386959,"caller":"parser/articleUrlList.go:29","msg":"fetching","url":"https://tech.meituan.com/2016/03/21/android-custom-lint.html"}
{"level":"info","ts":1598961019.409875,"caller":"parser/articleUrlList.go:29","msg":"fetching","url":"https://tech.meituan.com/2016/03/11/block-store.html"}
{"level":"info","ts":1598961019.4280992,"caller":"parser/articleUrlList.go:29","msg":"fetching","url":"https://tech.meituan.com/2016/03/03/deep-understanding-of-ffm-principles-and-practices.html"}
{"level":"info","ts":1598961019.447268,"caller":"parser/articleUrlList.go:29","msg":"fetching","url":"https://tech.meituan.com/2016/02/04/high-availability-systems-dianping.html"}
{"level":"info","ts":1598961019.4649768,"caller":"parser/articleUrlList.go:29","msg":"fetching","url":"https://tech.meituan.com/2016/01/08/loading-test.html"}
{"level":"info","ts":1598961019.4824262,"caller":"parser/articleUrlList.go:29","msg":"fetching","url":"https://tech.meituan.com/2015/12/24/android-unit-test.html"}
{"level":"info","ts":1598961019.5002508,"caller":"parser/articleUrlList.go:29","msg":"fetching","url":"https://tech.meituan.com/2015/12/10/performance-tuning-pattern.html"}
{"level":"info","ts":1598961019.519216,"caller":"parser/articleUrlList.go:29","msg":"fetching","url":"https://tech.meituan.com/2015/12/07/rerank-solution-offline.html"}
{"level":"info","ts":1598961019.5385458,"caller":"parser/articleUrlList.go:29","msg":"fetching","url":"https://tech.meituan.com/2015/11/16/meituan-search-rank.html"}
{"level":"info","ts":1598961019.555868,"caller":"parser/articleUrlList.go:29","msg":"fetching","url":"https://tech.meituan.com/2015/11/03/talk-about-reactivecocoas-cold-signal-and-hot-signal-part-3.html"}
{"level":"info","ts":1598961019.573923,"caller":"parser/articleUrlList.go:29","msg":"fetching","url":"https://tech.meituan.com/2015/10/23/npm-shrinkwrap.html"}
{"level":"info","ts":1598961019.590713,"caller":"parser/articleUrlList.go:29","msg":"fetching","url":"https://tech.meituan.com/2015/10/19/mock-server-in-action.html"}
{"level":"info","ts":1598961019.60745,"caller":"parser/articleUrlList.go:29","msg":"fetching","url":"https://tech.meituan.com/2015/09/30/mt-android-resource-obfuscation.html"}
{"level":"info","ts":1598961019.626975,"caller":"parser/articleUrlList.go:29","msg":"fetching","url":"https://tech.meituan.com/2015/09/28/talk-about-reactivecocoas-cold-signal-and-hot-signal-part-2.html"}
{"level":"info","ts":1598961019.651227,"caller":"parser/articleUrlList.go:29","msg":"fetching","url":"https://tech.meituan.com/2015/09/08/talk-about-reactivecocoas-cold-signal-and-hot-signal-part-1.html"}
{"level":"info","ts":1598961019.6686668,"caller":"parser/articleUrlList.go:29","msg":"fetching","url":"https://tech.meituan.com/2015/08/12/deep-understanding-object-c-of-method-caching.html"}
{"level":"info","ts":1598961019.6852741,"caller":"parser/articleUrlList.go:29","msg":"fetching","url":"https://tech.meituan.com/2015/07/10/frontend-component-practice.html"}
{"level":"info","ts":1598961019.705544,"caller":"parser/articleUrlList.go:29","msg":"fetching","url":"https://tech.meituan.com/2015/06/30/rac-signal-subscription.html"}
{"level":"info","ts":1598961019.726143,"caller":"parser/articleUrlList.go:29","msg":"fetching","url":"https://tech.meituan.com/2015/06/26/node-fullstack-development-practice.html"}
{"level":"info","ts":1598961021.238507,"caller":"crawler/crawlOperation.go:43","msg":"fetching","ArticleUrlList":"https://tech.meituan.com//page/19.html"}
{"level":"info","ts":1598961021.392708,"caller":"parser/articleUrlList.go:29","msg":"fetching","url":"https://tech.meituan.com/2015/05/08/intro-to-logistic-regression.html"}
{"level":"info","ts":1598961021.409811,"caller":"parser/articleUrlList.go:29","msg":"fetching","url":"https://tech.meituan.com/2015/03/31/cgroups.html"}
{"level":"info","ts":1598961021.427822,"caller":"parser/articleUrlList.go:29","msg":"fetching","url":"https://tech.meituan.com/2015/03/10/auto-build.html"}
{"level":"info","ts":1598961021.445027,"caller":"parser/articleUrlList.go:29","msg":"fetching","url":"https://tech.meituan.com/2015/03/03/diveintocategory.html"}
{"level":"info","ts":1598961021.4615529,"caller":"parser/articleUrlList.go:29","msg":"fetching","url":"https://tech.meituan.com/2015/02/26/serialization-vs-deserialization.html"}
{"level":"info","ts":1598961021.478734,"caller":"parser/articleUrlList.go:29","msg":"fetching","url":"https://tech.meituan.com/2015/02/10/machinelearning-data-feature-process.html"}
{"level":"info","ts":1598961021.495906,"caller":"parser/articleUrlList.go:29","msg":"fetching","url":"https://tech.meituan.com/2015/02/05/mt-mlinaction-how-to-ml.html"}
{"level":"info","ts":1598961021.5125918,"caller":"parser/articleUrlList.go:29","msg":"fetching","url":"https://tech.meituan.com/2015/01/27/docker-introduction.html"}
{"level":"info","ts":1598961021.531407,"caller":"parser/articleUrlList.go:29","msg":"fetching","url":"https://tech.meituan.com/2015/01/22/mt-recommend-practice.html"}
{"level":"info","ts":1598961021.5490172,"caller":"parser/articleUrlList.go:29","msg":"fetching","url":"https://tech.meituan.com/2015/01/22/linker.html"}
{"level":"info","ts":1598961021.565671,"caller":"parser/articleUrlList.go:29","msg":"fetching","url":"https://tech.meituan.com/2015/01/13/kafka-fs-design-theory.html"}
{"level":"info","ts":1598961021.581833,"caller":"parser/articleUrlList.go:29","msg":"fetching","url":"https://tech.meituan.com/2015/01/08/mt-library-introduce.html"}
{"level":"info","ts":1598961021.5980449,"caller":"parser/articleUrlList.go:29","msg":"fetching","url":"https://tech.meituan.com/2014/12/18/poi-category-recommendation-algorithm-based-on-machine-learning.html"}
{"level":"info","ts":1598961021.6153119,"caller":"parser/articleUrlList.go:29","msg":"fetching","url":"https://tech.meituan.com/2014/10/29/performance-framework-and-platform.html"}
{"level":"info","ts":1598961021.631291,"caller":"parser/articleUrlList.go:29","msg":"fetching","url":"https://tech.meituan.com/2014/10/08/the-practice-of-abstract-syntax-trees-in-javascript.html"}
{"level":"info","ts":1598961021.648345,"caller":"parser/articleUrlList.go:29","msg":"fetching","url":"https://tech.meituan.com/2014/09/23/java-memory-reordering.html"}
{"level":"info","ts":1598961021.6651032,"caller":"parser/articleUrlList.go:29","msg":"fetching","url":"https://tech.meituan.com/2014/09/16/opentsdb-hbase-compaction-problem.html"}
{"level":"info","ts":1598961021.682424,"caller":"parser/articleUrlList.go:29","msg":"fetching","url":"https://tech.meituan.com/2014/09/05/lucene-distance.html"}
{"level":"info","ts":1598961021.6996748,"caller":"parser/articleUrlList.go:29","msg":"fetching","url":"https://tech.meituan.com/2014/09/02/solr-spatial-search.html"}
{"level":"info","ts":1598961023.243698,"caller":"crawler/crawlOperation.go:43","msg":"fetching","ArticleUrlList":"https://tech.meituan.com//page/20.html"}
{"level":"info","ts":1598961023.391464,"caller":"parser/articleUrlList.go:29","msg":"fetching","url":"https://tech.meituan.com/2014/08/31/mt-crm-quartz.html"}
{"level":"info","ts":1598961023.409281,"caller":"parser/articleUrlList.go:29","msg":"fetching","url":"https://tech.meituan.com/2014/08/20/innodb-lock.html"}
{"level":"info","ts":1598961023.43628,"caller":"parser/articleUrlList.go:29","msg":"fetching","url":"https://tech.meituan.com/2014/08/18/gradle-practice.html"}
{"level":"info","ts":1598961023.452016,"caller":"parser/articleUrlList.go:29","msg":"fetching","url":"https://tech.meituan.com/2014/06/30/mysql-index.html"}
{"level":"info","ts":1598961023.4681652,"caller":"parser/articleUrlList.go:29","msg":"fetching","url":"https://tech.meituan.com/2014/06/16/presto.html"}
{"level":"info","ts":1598961023.48466,"caller":"parser/articleUrlList.go:29","msg":"fetching","url":"https://tech.meituan.com/2014/06/13/mt-apk-packaging.html"}
{"level":"info","ts":1598961023.501583,"caller":"parser/articleUrlList.go:29","msg":"fetching","url":"https://tech.meituan.com/2014/06/12/the-practice-of-five-whys-analysis-method-in-meituan-engineer.html"}
{"level":"info","ts":1598961023.51986,"caller":"parser/articleUrlList.go:29","msg":"fetching","url":"https://tech.meituan.com/2014/06/09/ac-algorithm-in-meituan-order-system-practice.html"}
{"level":"info","ts":1598961023.5384269,"caller":"parser/articleUrlList.go:29","msg":"fetching","url":"https://tech.meituan.com/2014/06/09/solr-facet.html"}
{"level":"info","ts":1598961023.558075,"caller":"parser/articleUrlList.go:29","msg":"fetching","url":"https://tech.meituan.com/2014/06/05/promise-insight.html"}
{"level":"info","ts":1598961023.576115,"caller":"parser/articleUrlList.go:29","msg":"fetching","url":"https://tech.meituan.com/2014/05/17/block-in-meituan-ios-practice.html"}
{"level":"info","ts":1598961023.592893,"caller":"parser/articleUrlList.go:29","msg":"fetching","url":"https://tech.meituan.com/2014/05/17/packet-forwarding.html"}
{"level":"info","ts":1598961023.610229,"caller":"parser/articleUrlList.go:29","msg":"fetching","url":"https://tech.meituan.com/2014/04/30/emma-uses-and-analyzes.html"}
{"level":"info","ts":1598961023.6263292,"caller":"parser/articleUrlList.go:29","msg":"fetching","url":"https://tech.meituan.com/2014/04/21/mt-wifi-locate-practice-part1.html"}
{"level":"info","ts":1598961023.6452532,"caller":"parser/articleUrlList.go:29","msg":"fetching","url":"https://tech.meituan.com/2014/04/08/data-desensitization.html"}
{"level":"info","ts":1598961023.662485,"caller":"parser/articleUrlList.go:29","msg":"fetching","url":"https://tech.meituan.com/2014/03/28/improving-git-flow-squashing-commits.html"}
{"level":"info","ts":1598961023.680757,"caller":"parser/articleUrlList.go:29","msg":"fetching","url":"https://tech.meituan.com/2014/03/24/hadoop-security-practice.html"}
{"level":"info","ts":1598961023.6974049,"caller":"parser/articleUrlList.go:29","msg":"fetching","url":"https://tech.meituan.com/2014/03/19/mt-fecos-process.html"}
{"level":"info","ts":1598961023.7150269,"caller":"parser/articleUrlList.go:29","msg":"fetching","url":"https://tech.meituan.com/2014/03/14/ibeacaon-first-glance.html"}
{"level":"info","ts":1598961025.2474382,"caller":"crawler/crawlOperation.go:43","msg":"fetching","ArticleUrlList":"https://tech.meituan.com//page/21.html"}
{"level":"info","ts":1598961025.386581,"caller":"parser/articleUrlList.go:29","msg":"fetching","url":"https://tech.meituan.com/2014/03/03/performance-metric.html"}
{"level":"info","ts":1598961025.404476,"caller":"parser/articleUrlList.go:29","msg":"fetching","url":"https://tech.meituan.com/2014/03/02/solve-centos6-hadoop-cluster-server-cpu-sys-abnormal-state-problem.html"}
{"level":"info","ts":1598961025.422528,"caller":"parser/articleUrlList.go:29","msg":"fetching","url":"https://tech.meituan.com/2014/02/17/pinyin-suggest.html"}
{"level":"info","ts":1598961025.440354,"caller":"parser/articleUrlList.go:29","msg":"fetching","url":"https://tech.meituan.com/2014/02/14/yui3-event-default-action.html"}
{"level":"info","ts":1598961025.458422,"caller":"parser/articleUrlList.go:29","msg":"fetching","url":"https://tech.meituan.com/2014/02/12/hive-sql-to-mapreduce.html"}
{"level":"info","ts":1598961025.478575,"caller":"parser/articleUrlList.go:29","msg":"fetching","url":"https://tech.meituan.com/2014/02/07/php-success-or-failure-web-dev-is-the-sole-cause.html"}
{"level":"info","ts":1598961025.498145,"caller":"parser/articleUrlList.go:29","msg":"fetching","url":"https://tech.meituan.com/2014/01/25/event-target.html"}
{"level":"info","ts":1598961025.516084,"caller":"parser/articleUrlList.go:29","msg":"fetching","url":"https://tech.meituan.com/2014/01/24/event-custom.html"}
{"level":"info","ts":1598961025.535536,"caller":"parser/articleUrlList.go:29","msg":"fetching","url":"https://tech.meituan.com/2014/01/23/event-do.html"}
{"level":"info","ts":1598961025.553246,"caller":"parser/articleUrlList.go:29","msg":"fetching","url":"https://tech.meituan.com/2014/01/23/mt-confhub.html"}
{"level":"info","ts":1598961025.5702069,"caller":"parser/articleUrlList.go:29","msg":"fetching","url":"https://tech.meituan.com/2014/01/13/meituan-cloud-interview-by-segmentfault.html"}
{"level":"info","ts":1598961025.5870059,"caller":"parser/articleUrlList.go:29","msg":"fetching","url":"https://tech.meituan.com/2013/12/09/meituan-flume-log-system-architecture-and-design.html"}
{"level":"info","ts":1598961025.6059258,"caller":"parser/articleUrlList.go:29","msg":"fetching","url":"https://tech.meituan.com/2013/12/09/meituan-flume-log-system-optimization.html"}
{"level":"info","ts":1598961025.624752,"caller":"parser/articleUrlList.go:29","msg":"fetching","url":"https://tech.meituan.com/2013/12/05/meituan-datawarehouse-evolution.html"}
{"level":"info","ts":1598961025.64185,"caller":"parser/articleUrlList.go:29","msg":"fetching","url":"https://tech.meituan.com/2013/12/04/yui3-practice.html"}
